{
 "node": {
  "nodeName": "gke-backend-node-pool-common-e07e3fec-4h3h",
  "systemContainers": [
   {
    "name": "kubelet",
    "startTime": "2023-02-13T14:13:04Z",
    "cpu": {
     "time": "2023-04-04T03:29:43Z",
     "usageNanoCores": 43458500,
     "usageCoreNanoSeconds": 204728215486916
    },
    "memory": {
     "time": "2023-04-04T03:29:43Z",
     "usageBytes": 149848064,
     "workingSetBytes": 131567616,
     "rssBytes": 75153408,
     "pageFaults": 81226233,
     "majorPageFaults": 1947
    }
   },
   {
    "name": "runtime",
    "startTime": "2023-02-13T14:13:02Z",
    "cpu": {
     "time": "2023-04-04T03:29:50Z",
     "usageNanoCores": 83678539,
     "usageCoreNanoSeconds": 565906366853500
    },
    "memory": {
     "time": "2023-04-04T03:29:50Z",
     "usageBytes": 957734912,
     "workingSetBytes": 712912896,
     "rssBytes": 247967744,
     "pageFaults": 12434818836,
     "majorPageFaults": 1485
    }
   },
   {
    "name": "pods",
    "startTime": "2023-02-13T14:13:05Z",
    "cpu": {
     "time": "2023-04-04T03:29:44Z",
     "usageNanoCores": 105447359,
     "usageCoreNanoSeconds": 1289333745556097
    },
    "memory": {
     "time": "2023-04-04T03:29:44Z",
     "availableBytes": 12041781248,
     "usageBytes": 2358681600,
     "workingSetBytes": 1994526720,
     "rssBytes": 913281024,
     "pageFaults": 0,
     "majorPageFaults": 0
    }
   }
  ],
  "startTime": "2023-02-13T14:12:33Z",
  "cpu": {
   "time": "2023-04-04T03:29:44Z",
   "usageNanoCores": 262654644,
   "usageCoreNanoSeconds": 2111631083159216
  },
  "memory": {
   "time": "2023-04-04T03:29:44Z",
   "availableBytes": 14112559104,
   "usageBytes": 3353944064,
   "workingSetBytes": 2674163712,
   "rssBytes": 1331019776,
   "pageFaults": 1651815,
   "majorPageFaults": 66
  },
  "network": {
   "time": "2023-04-04T03:29:44Z",
   "name": "eth0",
   "rxBytes": 152425994627,
   "rxErrors": 0,
   "txBytes": 133348350188,
   "txErrors": 0,
   "interfaces": [
    {
     "name": "eth0",
     "rxBytes": 152425994627,
     "rxErrors": 0,
     "txBytes": 133348350188,
     "txErrors": 0
    },
    {
     "name": "gke85e3506b0d9",
     "rxBytes": 182497266,
     "rxErrors": 0,
     "txBytes": 1847824526,
     "txErrors": 0
    },
    {
     "name": "gkec4c6103a7f4",
     "rxBytes": 182765658,
     "rxErrors": 0,
     "txBytes": 2033633989,
     "txErrors": 0
    },
    {
     "name": "gke9d36fd9dc73",
     "rxBytes": 472740601,
     "rxErrors": 0,
     "txBytes": 369672536,
     "txErrors": 0
    },
    {
     "name": "gke0d56a463fd8",
     "rxBytes": 372862804,
     "rxErrors": 0,
     "txBytes": 409097234,
     "txErrors": 0
    },
    {
     "name": "gke659f489b63d",
     "rxBytes": 63891955,
     "rxErrors": 0,
     "txBytes": 1850847219,
     "txErrors": 0
    },
    {
     "name": "gkea9e5bfb87a5",
     "rxBytes": 1690084571,
     "rxErrors": 0,
     "txBytes": 10627341017,
     "txErrors": 0
    },
    {
     "name": "gkee1bfd47f91b",
     "rxBytes": 35019055985,
     "rxErrors": 0,
     "txBytes": 18815324778,
     "txErrors": 0
    },
    {
     "name": "gke8e56dee1a7a",
     "rxBytes": 8819794484,
     "rxErrors": 0,
     "txBytes": 5901397075,
     "txErrors": 0
    },
    {
     "name": "gkeb032ca89019",
     "rxBytes": 1505412703,
     "rxErrors": 0,
     "txBytes": 1403422853,
     "txErrors": 0
    },
    {
     "name": "gke5d736588655",
     "rxBytes": 575075732,
     "rxErrors": 0,
     "txBytes": 1026703205,
     "txErrors": 0
    },
    {
     "name": "gkef865027cca4",
     "rxBytes": 460546,
     "rxErrors": 0,
     "txBytes": 130202542,
     "txErrors": 0
    },
    {
     "name": "gke7f26c249582",
     "rxBytes": 461454336,
     "rxErrors": 0,
     "txBytes": 914292280,
     "txErrors": 0
    },
    {
     "name": "gkef86e8e97186",
     "rxBytes": 359536943,
     "rxErrors": 0,
     "txBytes": 336679144,
     "txErrors": 0
    },
    {
     "name": "gke0ab6a9919ed",
     "rxBytes": 2516051283,
     "rxErrors": 0,
     "txBytes": 1775172177,
     "txErrors": 0
    },
    {
     "name": "gke1e334d19c86",
     "rxBytes": 244174426,
     "rxErrors": 0,
     "txBytes": 3260352742,
     "txErrors": 0
    }
   ]
  },
  "fs": {
   "time": "2023-04-04T03:29:44Z",
   "availableBytes": 48176263168,
   "capacityBytes": 101203873792,
   "usedBytes": 53010833408,
   "inodesFree": 5208160,
   "inodes": 6258720,
   "inodesUsed": 1050560
  },
  "runtime": {
   "imageFs": {
    "time": "2023-04-04T03:29:52Z",
    "availableBytes": 48176263168,
    "capacityBytes": 101203873792,
    "usedBytes": 38698840064,
    "inodesFree": 5208160,
    "inodes": 6258720,
    "inodesUsed": 1019992
   }
  },
  "rlimit": {
   "time": "2023-04-04T03:29:54Z",
   "maxpid": 4194304,
   "curproc": 901
  }
 },
 "pods": [
  {
   "podRef": {
    "name": "redis-replicas-0",
    "namespace": "default",
    "uid": "f4296a83-ff00-4121-8223-9c14877cc1ca"
   },
   "startTime": "2023-02-13T14:15:24Z",
   "containers": [
    {
     "name": "redis",
     "startTime": "2023-02-13T14:15:31Z",
     "cpu": {
      "time": "2023-04-04T03:29:36Z",
      "usageNanoCores": 13953131,
      "usageCoreNanoSeconds": 70049155226395
     },
     "memory": {
      "time": "2023-04-04T03:29:36Z",
      "usageBytes": 204664832,
      "workingSetBytes": 109330432,
      "rssBytes": 103403520,
      "pageFaults": 3827852589,
      "majorPageFaults": 0
     },
     "rootfs": {
      "time": "2023-04-04T03:29:52Z",
      "availableBytes": 48176263168,
      "capacityBytes": 101203873792,
      "usedBytes": 65536,
      "inodesFree": 5208160,
      "inodes": 6258720,
      "inodesUsed": 15
     },
     "logs": {
      "time": "2023-04-04T03:29:54Z",
      "availableBytes": 48176263168,
      "capacityBytes": 101203873792,
      "usedBytes": 217088,
      "inodesFree": 5208160,
      "inodes": 6258720,
      "inodesUsed": 1
     }
    }
   ],
   "cpu": {
    "time": "2023-04-04T03:29:48Z",
    "usageNanoCores": 12288705,
    "usageCoreNanoSeconds": 70049651792436
   },
   "memory": {
    "time": "2023-04-04T03:29:48Z",
    "usageBytes": 204873728,
    "workingSetBytes": 109539328,
    "rssBytes": 103268352,
    "pageFaults": 0,
    "majorPageFaults": 0
   },
   "network": {
    "time": "2023-04-04T03:29:45Z",
    "name": "eth0",
    "rxBytes": 10627341083,
    "rxErrors": 0,
    "txBytes": 1690084681,
    "txErrors": 0,
    "interfaces": [
     {
      "name": "eth0",
      "rxBytes": 10627341083,
      "rxErrors": 0,
      "txBytes": 1690084681,
      "txErrors": 0
     }
    ]
   },
   "volume": [
    {
     "time": "2023-04-04T03:29:29Z",
     "availableBytes": 48176267264,
     "capacityBytes": 101203873792,
     "usedBytes": 32768,
     "inodesFree": 5208160,
     "inodes": 6258720,
     "inodesUsed": 15,
     "name": "health"
    },
    {
     "time": "2023-04-04T03:29:29Z",
     "availableBytes": 48176267264,
     "capacityBytes": 101203873792,
     "usedBytes": 20480,
     "inodesFree": 5208160,
     "inodes": 6258720,
     "inodesUsed": 9,
     "name": "config"
    },
    {
     "time": "2023-04-04T03:29:29Z",
     "availableBytes": 48176267264,
     "capacityBytes": 101203873792,
     "usedBytes": 12288,
     "inodesFree": 5208160,
     "inodes": 6258720,
     "inodesUsed": 3,
     "name": "redis-tmp-conf"
    },
    {
     "time": "2023-04-04T03:29:29Z",
     "availableBytes": 48176267264,
     "capacityBytes": 101203873792,
     "usedBytes": 16384,
     "inodesFree": 5208160,
     "inodes": 6258720,
     "inodesUsed": 7,
     "name": "start-scripts"
    },
    {
     "time": "2023-04-04T03:29:29Z",
     "availableBytes": 8238051328,
     "capacityBytes": 8350298112,
     "usedBytes": 95469568,
     "inodesFree": 524272,
     "inodes": 524288,
     "inodesUsed": 16,
     "name": "redis-data",
     "pvcRef": {
      "name": "redis-data-redis-replicas-0",
      "namespace": "default"
     }
    },
    {
     "time": "2023-04-04T03:29:29Z",
     "availableBytes": 13931438080,
     "capacityBytes": 13931450368,
     "usedBytes": 12288,
     "inodesFree": 2049151,
     "inodes": 2049160,
     "inodesUsed": 9,
     "name": "kube-api-access-zgtzf"
    }
   ],
   "ephemeral-storage": {
    "time": "2023-04-04T03:29:54Z",
    "availableBytes": 48176263168,
    "capacityBytes": 101203873792,
    "usedBytes": 368640,
    "inodesFree": 5208160,
    "inodes": 6258720,
    "inodesUsed": 51
   },
   "process_stats": {
    "process_count": 0
   }
  },
  {
   "podRef": {
    "name": "kube-dns-7d44cdb5d5-xvd4b",
    "namespace": "kube-system",
    "uid": "d161e25e-cdf6-46db-9215-c285deedc41a"
   },
   "startTime": "2023-03-24T07:16:22Z",
   "containers": [
    {
     "name": "sidecar",
     "startTime": "2023-03-24T07:16:24Z",
     "cpu": {
      "time": "2023-04-04T03:29:43Z",
      "usageNanoCores": 1549335,
      "usageCoreNanoSeconds": 978773265810
     },
     "memory": {
      "time": "2023-04-04T03:29:43Z",
      "usageBytes": 15167488,
      "workingSetBytes": 13479936,
      "rssBytes": 12165120,
      "pageFaults": 1578159,
      "majorPageFaults": 33
     },
     "rootfs": {
      "time": "2023-04-04T03:29:52Z",
      "availableBytes": 48176263168,
      "capacityBytes": 101203873792,
      "usedBytes": 32768,
      "inodesFree": 5208160,
      "inodes": 6258720,
      "inodesUsed": 10
     },
     "logs": {
      "time": "2023-04-04T03:29:54Z",
      "availableBytes": 48176263168,
      "capacityBytes": 101203873792,
      "usedBytes": 4096,
      "inodesFree": 5208160,
      "inodes": 6258720,
      "inodesUsed": 1
     }
    },
    {
     "name": "kubedns",
     "startTime": "2023-03-24T07:16:23Z",
     "cpu": {
      "time": "2023-04-04T03:29:49Z",
      "usageNanoCores": 1030122,
      "usageCoreNanoSeconds": 1349296801356
     },
     "memory": {
      "time": "2023-04-04T03:29:49Z",
      "availableBytes": 206381056,
      "usageBytes": 15548416,
      "workingSetBytes": 13819904,
      "rssBytes": 12435456,
      "pageFaults": 1103388,
      "majorPageFaults": 0
     },
     "rootfs": {
      "time": "2023-04-04T03:29:52Z",
      "availableBytes": 48176263168,
      "capacityBytes": 101203873792,
      "usedBytes": 36864,
      "inodesFree": 5208160,
      "inodes": 6258720,
      "inodesUsed": 11
     },
     "logs": {
      "time": "2023-04-04T03:29:54Z",
      "availableBytes": 48176263168,
      "capacityBytes": 101203873792,
      "usedBytes": 12288,
      "inodesFree": 5208160,
      "inodes": 6258720,
      "inodesUsed": 1
     }
    },
    {
     "name": "prometheus-to-sd",
     "startTime": "2023-03-24T07:16:25Z",
     "cpu": {
      "time": "2023-04-04T03:29:52Z",
      "usageNanoCores": 55515,
      "usageCoreNanoSeconds": 177223806977
     },
     "memory": {
      "time": "2023-04-04T03:29:52Z",
      "usageBytes": 11730944,
      "workingSetBytes": 10547200,
      "rssBytes": 9191424,
      "pageFaults": 465564,
      "majorPageFaults": 33
     },
     "rootfs": {
      "time": "2023-04-04T03:29:52Z",
      "availableBytes": 48176263168,
      "capacityBytes": 101203873792,
      "usedBytes": 32768,
      "inodesFree": 5208160,
      "inodes": 6258720,
      "inodesUsed": 10
     },
     "logs": {
      "time": "2023-04-04T03:29:54Z",
      "availableBytes": 48176263168,
      "capacityBytes": 101203873792,
      "usedBytes": 4096,
      "inodesFree": 5208160,
      "inodes": 6258720,
      "inodesUsed": 1
     }
    },
    {
     "name": "dnsmasq",
     "startTime": "2023-03-24T07:16:24Z",
     "cpu": {
      "time": "2023-04-04T03:29:53Z",
      "usageNanoCores": 199752,
      "usageCoreNanoSeconds": 953157040100
     },
     "memory": {
      "time": "2023-04-04T03:29:53Z",
      "usageBytes": 7995392,
      "workingSetBytes": 6373376,
      "rssBytes": 5001216,
      "pageFaults": 3828,
      "majorPageFaults": 0
     },
     "rootfs": {
      "time": "2023-04-04T03:29:52Z",
      "availableBytes": 48176263168,
      "capacityBytes": 101203873792,
      "usedBytes": 36864,
      "inodesFree": 5208160,
      "inodes": 6258720,
      "inodesUsed": 11
     },
     "logs": {
      "time": "2023-04-04T03:29:54Z",
      "availableBytes": 48176263168,
      "capacityBytes": 101203873792,
      "usedBytes": 4096,
      "inodesFree": 5208160,
      "inodes": 6258720,
      "inodesUsed": 1
     }
    }
   ],
   "cpu": {
    "time": "2023-04-04T03:29:47Z",
    "usageNanoCores": 2949639,
    "usageCoreNanoSeconds": 3458939268423
   },
   "memory": {
    "time": "2023-04-04T03:29:47Z",
    "usageBytes": 50667520,
    "workingSetBytes": 44445696,
    "rssBytes": 38658048,
    "pageFaults": 0,
    "majorPageFaults": 0
   },
   "network": {
    "time": "2023-04-04T03:29:51Z",
    "name": "eth0",
    "rxBytes": 1775177457,
    "rxErrors": 0,
    "txBytes": 2516052108,
    "txErrors": 0,
    "interfaces": [
     {
      "name": "eth0",
      "rxBytes": 1775177457,
      "rxErrors": 0,
      "txBytes": 2516052108,
      "txErrors": 0
     }
    ]
   },
   "volume": [
    {
     "time": "2023-04-04T03:29:08Z",
     "availableBytes": 48176271360,
     "capacityBytes": 101203873792,
     "usedBytes": 8192,
     "inodesFree": 5208160,
     "inodes": 6258720,
     "inodesUsed": 3,
     "name": "kube-dns-config"
    },
    {
     "time": "2023-04-04T03:29:08Z",
     "availableBytes": 13931438080,
     "capacityBytes": 13931450368,
     "usedBytes": 12288,
     "inodesFree": 2049151,
     "inodes": 2049160,
     "inodesUsed": 9,
     "name": "kube-api-access-zn7bq"
    }
   ],
   "ephemeral-storage": {
    "time": "2023-04-04T03:29:54Z",
    "availableBytes": 48176263168,
    "capacityBytes": 101203873792,
    "usedBytes": 176128,
    "inodesFree": 5208160,
    "inodes": 6258720,
    "inodesUsed": 50
   },
   "process_stats": {
    "process_count": 0
   }
  },
  {
   "podRef": {
    "name": "redis-master-0",
    "namespace": "default",
    "uid": "e20c6737-0b12-491d-bbe5-86f94376f639"
   },
   "startTime": "2023-02-13T14:15:28Z",
   "containers": [
    {
     "name": "redis",
     "startTime": "2023-02-13T14:15:31Z",
     "cpu": {
      "time": "2023-04-04T03:29:51Z",
      "usageNanoCores": 9659983,
      "usageCoreNanoSeconds": 48297359812979
     },
     "memory": {
      "time": "2023-04-04T03:29:51Z",
      "usageBytes": 229830656,
      "workingSetBytes": 111403008,
      "rssBytes": 104349696,
      "pageFaults": 2197794720,
      "majorPageFaults": 0
     },
     "rootfs": {
      "time": "2023-04-04T03:29:52Z",
      "availableBytes": 48176263168,
      "capacityBytes": 101203873792,
      "usedBytes": 65536,
      "inodesFree": 5208160,
      "inodes": 6258720,
      "inodesUsed": 15
     },
     "logs": {
      "time": "2023-04-04T03:29:54Z",
      "availableBytes": 48176263168,
      "capacityBytes": 101203873792,
      "usedBytes": 221184,
      "inodesFree": 5208160,
      "inodes": 6258720,
      "inodesUsed": 1
     }
    }
   ],
   "cpu": {
    "time": "2023-04-04T03:29:47Z",
    "usageNanoCores": 9155362,
    "usageCoreNanoSeconds": 48297772530576
   },
   "memory": {
    "time": "2023-04-04T03:29:47Z",
    "usageBytes": 230039552,
    "workingSetBytes": 111611904,
    "rssBytes": 104214528,
    "pageFaults": 0,
    "majorPageFaults": 0
   },
   "network": {
    "time": "2023-04-04T03:29:52Z",
    "name": "eth0",
    "rxBytes": 18815326790,
    "rxErrors": 0,
    "txBytes": 35019057293,
    "txErrors": 0,
    "interfaces": [
     {
      "name": "eth0",
      "rxBytes": 18815326790,
      "rxErrors": 0,
      "txBytes": 35019057293,
      "txErrors": 0
     }
    ]
   },
   "volume": [
    {
     "time": "2023-04-04T03:29:43Z",
     "availableBytes": 48176267264,
     "capacityBytes": 101203873792,
     "usedBytes": 16384,
     "inodesFree": 5208160,
     "inodes": 6258720,
     "inodesUsed": 7,
     "name": "start-scripts"
    },
    {
     "time": "2023-04-04T03:29:43Z",
     "availableBytes": 48176267264,
     "capacityBytes": 101203873792,
     "usedBytes": 4096,
     "inodesFree": 5208160,
     "inodes": 6258720,
     "inodesUsed": 1,
     "name": "tmp"
    },
    {
     "time": "2023-04-04T03:29:43Z",
     "availableBytes": 48176267264,
     "capacityBytes": 101203873792,
     "usedBytes": 12288,
     "inodesFree": 5208160,
     "inodes": 6258720,
     "inodesUsed": 3,
     "name": "redis-tmp-conf"
    },
    {
     "time": "2023-04-04T03:29:43Z",
     "availableBytes": 48176267264,
     "capacityBytes": 101203873792,
     "usedBytes": 20480,
     "inodesFree": 5208160,
     "inodes": 6258720,
     "inodesUsed": 9,
     "name": "config"
    },
    {
     "time": "2023-04-04T03:29:43Z",
     "availableBytes": 48176267264,
     "capacityBytes": 101203873792,
     "usedBytes": 32768,
     "inodesFree": 5208160,
     "inodes": 6258720,
     "inodesUsed": 15,
     "name": "health"
    },
    {
     "time": "2023-04-04T03:29:43Z",
     "availableBytes": 13931438080,
     "capacityBytes": 13931450368,
     "usedBytes": 12288,
     "inodesFree": 2049151,
     "inodes": 2049160,
     "inodesUsed": 9,
     "name": "kube-api-access-ndxl2"
    },
    {
     "time": "2023-04-04T03:29:43Z",
     "availableBytes": 8214798336,
     "capacityBytes": 8350298112,
     "usedBytes": 118722560,
     "inodesFree": 524273,
     "inodes": 524288,
     "inodesUsed": 15,
     "name": "redis-data",
     "pvcRef": {
      "name": "redis-data-redis-master-0",
      "namespace": "default"
     }
    }
   ],
   "ephemeral-storage": {
    "time": "2023-04-04T03:29:54Z",
    "availableBytes": 48176263168,
    "capacityBytes": 101203873792,
    "usedBytes": 376832,
    "inodesFree": 5208160,
    "inodes": 6258720,
    "inodesUsed": 52
   },
   "process_stats": {
    "process_count": 0
   }
  },
  {
   "podRef": {
    "name": "pdcsi-node-h9vvd",
    "namespace": "kube-system",
    "uid": "90cbaa55-70bc-4911-85e5-82e9bee930f1"
   },
   "startTime": "2023-02-13T14:13:12Z",
   "containers": [
    {
     "name": "gce-pd-driver",
     "startTime": "2023-02-13T14:13:23Z",
     "cpu": {
      "time": "2023-04-04T03:29:47Z",
      "usageNanoCores": 193496,
      "usageCoreNanoSeconds": 508597271661
     },
     "memory": {
      "time": "2023-04-04T03:29:47Z",
      "availableBytes": 42278912,
      "usageBytes": 12136448,
      "workingSetBytes": 10149888,
      "rssBytes": 5406720,
      "pageFaults": 423885,
      "majorPageFaults": 1188
     },
     "rootfs": {
      "time": "2023-04-04T03:29:52Z",
      "availableBytes": 48176263168,
      "capacityBytes": 101203873792,
      "usedBytes": 81920,
      "inodesFree": 5208160,
      "inodes": 6258720,
      "inodesUsed": 22
     },
     "logs": {
      "time": "2023-04-04T03:29:54Z",
      "availableBytes": 48176263168,
      "capacityBytes": 101203873792,
      "usedBytes": 17735680,
      "inodesFree": 5208160,
      "inodes": 6258720,
      "inodesUsed": 5
     }
    },
    {
     "name": "csi-driver-registrar",
     "startTime": "2023-02-13T14:13:13Z",
     "cpu": {
      "time": "2023-04-04T03:29:40Z",
      "usageNanoCores": 1542368,
      "usageCoreNanoSeconds": 8053229359656
     },
     "memory": {
      "time": "2023-04-04T03:29:40Z",
      "availableBytes": 46522368,
      "usageBytes": 6025216,
      "workingSetBytes": 5906432,
      "rssBytes": 5001216,
      "pageFaults": 538891914,
      "majorPageFaults": 0
     },
     "rootfs": {
      "time": "2023-04-04T03:29:52Z",
      "availableBytes": 48176263168,
      "capacityBytes": 101203873792,
      "usedBytes": 57344,
      "inodesFree": 5208160,
      "inodes": 6258720,
      "inodesUsed": 17
     },
     "logs": {
      "time": "2023-04-04T03:29:54Z",
      "availableBytes": 48176263168,
      "capacityBytes": 101203873792,
      "usedBytes": 4096,
      "inodesFree": 5208160,
      "inodes": 6258720,
      "inodesUsed": 1
     }
    }
   ],
   "cpu": {
    "time": "2023-04-04T03:29:51Z",
    "usageNanoCores": 3475092,
    "usageCoreNanoSeconds": 8561893603592
   },
   "memory": {
    "time": "2023-04-04T03:29:51Z",
    "availableBytes": 88580096,
    "usageBytes": 18382848,
    "workingSetBytes": 16277504,
    "rssBytes": 10407936,
    "pageFaults": 0,
    "majorPageFaults": 0
   },
   "network": {
    "time": "2023-04-04T03:29:48Z",
    "name": "eth0",
    "rxBytes": 152426019911,
    "rxErrors": 0,
    "txBytes": 133348360481,
    "txErrors": 0,
    "interfaces": [
     {
      "name": "eth0",
      "rxBytes": 152426019911,
      "rxErrors": 0,
      "txBytes": 133348360481,
      "txErrors": 0
     },
     {
      "name": "gke85e3506b0d9",
      "rxBytes": 182497308,
      "rxErrors": 0,
      "txBytes": 1847824568,
      "txErrors": 0
     },
     {
      "name": "gkec4c6103a7f4",
      "rxBytes": 182765658,
      "rxErrors": 0,
      "txBytes": 2033633989,
      "txErrors": 0
     },
     {
      "name": "gke9d36fd9dc73",
      "rxBytes": 472740601,
      "rxErrors": 0,
      "txBytes": 369672536,
      "txErrors": 0
     },
     {
      "name": "gke0d56a463fd8",
      "rxBytes": 372862804,
      "rxErrors": 0,
      "txBytes": 409097234,
      "txErrors": 0
     },
     {
      "name": "gke659f489b63d",
      "rxBytes": 63892126,
      "rxErrors": 0,
      "txBytes": 1850847390,
      "txErrors": 0
     },
     {
      "name": "gkea9e5bfb87a5",
      "rxBytes": 1690085077,
      "rxErrors": 0,
      "txBytes": 10627341361,
      "txErrors": 0
     },
     {
      "name": "gkee1bfd47f91b",
      "rxBytes": 35019056329,
      "rxErrors": 0,
      "txBytes": 18815325284,
      "txErrors": 0
     },
     {
      "name": "gke8e56dee1a7a",
      "rxBytes": 8819801660,
      "rxErrors": 0,
      "txBytes": 5901401058,
      "txErrors": 0
     },
     {
      "name": "gkeb032ca89019",
      "rxBytes": 1505412835,
      "rxErrors": 0,
      "txBytes": 1403422985,
      "txErrors": 0
     },
     {
      "name": "gke5d736588655",
      "rxBytes": 575076538,
      "rxErrors": 0,
      "txBytes": 1026704456,
      "txErrors": 0
     },
     {
      "name": "gkef865027cca4",
      "rxBytes": 460546,
      "rxErrors": 0,
      "txBytes": 130202542,
      "txErrors": 0
     },
     {
      "name": "gke7f26c249582",
      "rxBytes": 461455330,
      "rxErrors": 0,
      "txBytes": 914293942,
      "txErrors": 0
     },
     {
      "name": "gkef86e8e97186",
      "rxBytes": 359537405,
      "rxErrors": 0,
      "txBytes": 336679606,
      "txErrors": 0
     },
     {
      "name": "gke0ab6a9919ed",
      "rxBytes": 2516051547,
      "rxErrors": 0,
      "txBytes": 1775174669,
      "txErrors": 0
     },
     {
      "name": "gke1e334d19c86",
      "rxBytes": 244174624,
      "rxErrors": 0,
      "txBytes": 3260352940,
      "txErrors": 0
     }
    ]
   },
   "volume": [
    {
     "time": "2023-04-04T03:29:36Z",
     "availableBytes": 104845312,
     "capacityBytes": 104857600,
     "usedBytes": 12288,
     "inodesFree": 2049151,
     "inodes": 2049160,
     "inodesUsed": 9,
     "name": "kube-api-access-gnj4s"
    }
   ],
   "ephemeral-storage": {
    "time": "2023-04-04T03:29:54Z",
    "availableBytes": 48176263168,
    "capacityBytes": 101203873792,
    "usedBytes": 17883136,
    "inodesFree": 5208160,
    "inodes": 6258720,
    "inodesUsed": 46
   },
   "process_stats": {
    "process_count": 0
   }
  },
  {
   "podRef": {
    "name": "konnectivity-agent-autoscaler-658b588bb6-rtctk",
    "namespace": "kube-system",
    "uid": "b7c38f93-42e6-4f8d-8890-9fc21049cfe9"
   },
   "startTime": "2023-02-13T14:13:30Z",
   "containers": [
    {
     "name": "autoscaler",
     "startTime": "2023-02-13T14:13:31Z",
     "cpu": {
      "time": "2023-04-04T03:29:44Z",
      "usageNanoCores": 162078,
      "usageCoreNanoSeconds": 1034640527539
     },
     "memory": {
      "time": "2023-04-04T03:29:44Z",
      "usageBytes": 8888320,
      "workingSetBytes": 7069696,
      "rssBytes": 6623232,
      "pageFaults": 5379,
      "majorPageFaults": 0
     },
     "rootfs": {
      "time": "2023-04-04T03:29:52Z",
      "availableBytes": 48176263168,
      "capacityBytes": 101203873792,
      "usedBytes": 32768,
      "inodesFree": 5208160,
      "inodes": 6258720,
      "inodesUsed": 10
     },
     "logs": {
      "time": "2023-04-04T03:29:54Z",
      "availableBytes": 48176263168,
      "capacityBytes": 101203873792,
      "usedBytes": 32768,
      "inodesFree": 5208160,
      "inodes": 6258720,
      "inodesUsed": 1
     }
    }
   ],
   "cpu": {
    "time": "2023-04-04T03:29:43Z",
    "usageNanoCores": 283391,
    "usageCoreNanoSeconds": 1035156230071
   },
   "memory": {
    "time": "2023-04-04T03:29:43Z",
    "usageBytes": 9097216,
    "workingSetBytes": 7278592,
    "rssBytes": 6488064,
    "pageFaults": 0,
    "majorPageFaults": 0
   },
   "network": {
    "time": "2023-04-04T03:29:44Z",
    "name": "eth0",
    "rxBytes": 2033633989,
    "rxErrors": 0,
    "txBytes": 182765658,
    "txErrors": 0,
    "interfaces": [
     {
      "name": "eth0",
      "rxBytes": 2033633989,
      "rxErrors": 0,
      "txBytes": 182765658,
      "txErrors": 0
     }
    ]
   },
   "volume": [
    {
     "time": "2023-04-04T03:28:54Z",
     "availableBytes": 13931438080,
     "capacityBytes": 13931450368,
     "usedBytes": 12288,
     "inodesFree": 2049151,
     "inodes": 2049160,
     "inodesUsed": 9,
     "name": "kube-api-access-ccgj4"
    }
   ],
   "ephemeral-storage": {
    "time": "2023-04-04T03:29:54Z",
    "availableBytes": 48176263168,
    "capacityBytes": 101203873792,
    "usedBytes": 69632,
    "inodesFree": 5208160,
    "inodes": 6258720,
    "inodesUsed": 12
   },
   "process_stats": {
    "process_count": 0
   }
  },
  {
   "podRef": {
    "name": "netd-ts559",
    "namespace": "kube-system",
    "uid": "25ff0dbb-e494-4c7d-b55b-7406bc1a5fd1"
   },
   "startTime": "2023-02-13T14:13:12Z",
   "containers": [
    {
     "name": "netd",
     "startTime": "2023-02-13T14:13:27Z",
     "cpu": {
      "time": "2023-04-04T03:29:40Z",
      "usageNanoCores": 660918,
      "usageCoreNanoSeconds": 1181572742792
     },
     "memory": {
      "time": "2023-04-04T03:29:40Z",
      "usageBytes": 12115968,
      "workingSetBytes": 10674176,
      "rssBytes": 9461760,
      "pageFaults": 35937066,
      "majorPageFaults": 66
     },
     "rootfs": {
      "time": "2023-04-04T03:29:52Z",
      "availableBytes": 48176263168,
      "capacityBytes": 101203873792,
      "usedBytes": 73728,
      "inodesFree": 5208160,
      "inodes": 6258720,
      "inodesUsed": 26
     },
     "logs": {
      "time": "2023-04-04T03:29:54Z",
      "availableBytes": 48176263168,
      "capacityBytes": 101203873792,
      "usedBytes": 4096,
      "inodesFree": 5208160,
      "inodes": 6258720,
      "inodesUsed": 1
     }
    }
   ],
   "cpu": {
    "time": "2023-04-04T03:29:46Z",
    "usageNanoCores": 416555,
    "usageCoreNanoSeconds": 1181781124790
   },
   "memory": {
    "time": "2023-04-04T03:29:46Z",
    "usageBytes": 12341248,
    "workingSetBytes": 10899456,
    "rssBytes": 9596928,
    "pageFaults": 0,
    "majorPageFaults": 0
   },
   "network": {
    "time": "2023-04-04T03:29:51Z",
    "name": "eth0",
    "rxBytes": 152426034907,
    "rxErrors": 0,
    "txBytes": 133348367778,
    "txErrors": 0,
    "interfaces": [
     {
      "name": "eth0",
      "rxBytes": 152426034907,
      "rxErrors": 0,
      "txBytes": 133348367778,
      "txErrors": 0
     },
     {
      "name": "gke85e3506b0d9",
      "rxBytes": 182497308,
      "rxErrors": 0,
      "txBytes": 1847824568,
      "txErrors": 0
     },
     {
      "name": "gkec4c6103a7f4",
      "rxBytes": 182765658,
      "rxErrors": 0,
      "txBytes": 2033633989,
      "txErrors": 0
     },
     {
      "name": "gke9d36fd9dc73",
      "rxBytes": 472740601,
      "rxErrors": 0,
      "txBytes": 369672536,
      "txErrors": 0
     },
     {
      "name": "gke0d56a463fd8",
      "rxBytes": 372863284,
      "rxErrors": 0,
      "txBytes": 409097682,
      "txErrors": 0
     },
     {
      "name": "gke659f489b63d",
      "rxBytes": 63892276,
      "rxErrors": 0,
      "txBytes": 1850847696,
      "txErrors": 0
     },
     {
      "name": "gkea9e5bfb87a5",
      "rxBytes": 1690086703,
      "rxErrors": 0,
      "txBytes": 10627342521,
      "txErrors": 0
     },
     {
      "name": "gkee1bfd47f91b",
      "rxBytes": 35019057227,
      "rxErrors": 0,
      "txBytes": 18815326680,
      "txErrors": 0
     },
     {
      "name": "gke8e56dee1a7a",
      "rxBytes": 8819801924,
      "rxErrors": 0,
      "txBytes": 5901403550,
      "txErrors": 0
     },
     {
      "name": "gkeb032ca89019",
      "rxBytes": 1505412835,
      "rxErrors": 0,
      "txBytes": 1403422985,
      "txErrors": 0
     },
     {
      "name": "gke5d736588655",
      "rxBytes": 575076980,
      "rxErrors": 0,
      "txBytes": 1026705409,
      "txErrors": 0
     },
     {
      "name": "gkef865027cca4",
      "rxBytes": 460546,
      "rxErrors": 0,
      "txBytes": 130202542,
      "txErrors": 0
     },
     {
      "name": "gke7f26c249582",
      "rxBytes": 461455667,
      "rxErrors": 0,
      "txBytes": 914294568,
      "txErrors": 0
     },
     {
      "name": "gkef86e8e97186",
      "rxBytes": 359537405,
      "rxErrors": 0,
      "txBytes": 336679606,
      "txErrors": 0
     },
     {
      "name": "gke0ab6a9919ed",
      "rxBytes": 2516052108,
      "rxErrors": 0,
      "txBytes": 1775177457,
      "txErrors": 0
     },
     {
      "name": "gke1e334d19c86",
      "rxBytes": 244174624,
      "rxErrors": 0,
      "txBytes": 3260352940,
      "txErrors": 0
     }
    ]
   },
   "volume": [
    {
     "time": "2023-04-04T03:28:29Z",
     "availableBytes": 13931438080,
     "capacityBytes": 13931450368,
     "usedBytes": 12288,
     "inodesFree": 2049151,
     "inodes": 2049160,
     "inodesUsed": 9,
     "name": "kube-api-access-khq9f"
    }
   ],
   "ephemeral-storage": {
    "time": "2023-04-04T03:29:54Z",
    "availableBytes": 48176263168,
    "capacityBytes": 101203873792,
    "usedBytes": 81920,
    "inodesFree": 5208160,
    "inodes": 6258720,
    "inodesUsed": 28
   },
   "process_stats": {
    "process_count": 0
   }
  },
  {
   "podRef": {
    "name": "app1-667557dff4-g8fql",
    "namespace": "default",
    "uid": "26ff3b4a-402e-4829-8d08-6faac6e040fb"
   },
   "startTime": "2023-03-02T08:43:27Z",
   "containers": [
    {
     "name": "app1",
     "startTime": "2023-03-02T08:43:27Z",
     "cpu": {
      "time": "2023-04-04T03:29:53Z",
      "usageNanoCores": 1772771,
      "usageCoreNanoSeconds": 5020968204531
     },
     "memory": {
      "time": "2023-04-04T03:29:53Z",
      "usageBytes": 142880768,
      "workingSetBytes": 138960896,
      "rssBytes": 136790016,
      "pageFaults": 4888455,
      "majorPageFaults": 33
     },
     "rootfs": {
      "time": "2023-04-04T03:29:52Z",
      "availableBytes": 48176263168,
      "capacityBytes": 101203873792,
      "usedBytes": 73728,
      "inodesFree": 5208160,
      "inodes": 6258720,
      "inodesUsed": 13
     },
     "logs": {
      "time": "2023-04-04T03:29:54Z",
      "availableBytes": 48176263168,
      "capacityBytes": 101203873792,
      "usedBytes": 4096,
      "inodesFree": 5208160,
      "inodes": 6258720,
      "inodesUsed": 1
     }
    }
   ],
   "cpu": {
    "time": "2023-04-04T03:29:46Z",
    "usageNanoCores": 1787720,
    "usageCoreNanoSeconds": 5021307337051
   },
   "memory": {
    "time": "2023-04-04T03:29:46Z",
    "usageBytes": 143056896,
    "workingSetBytes": 139137024,
    "rssBytes": 136654848,
    "pageFaults": 0,
    "majorPageFaults": 0
   },
   "network": {
    "time": "2023-04-04T03:29:45Z",
    "name": "eth0",
    "rxBytes": 914292280,
    "rxErrors": 0,
    "txBytes": 461454336,
    "txErrors": 0,
    "interfaces": [
     {
      "name": "eth0",
      "rxBytes": 914292280,
      "rxErrors": 0,
      "txBytes": 461454336,
      "txErrors": 0
     }
    ]
   },
   "volume": [
    {
     "time": "2023-04-04T03:29:01Z",
     "availableBytes": 13931438080,
     "capacityBytes": 13931450368,
     "usedBytes": 12288,
     "inodesFree": 2049151,
     "inodes": 2049160,
     "inodesUsed": 9,
     "name": "kube-api-access-sgvkm"
    }
   ],
   "ephemeral-storage": {
    "time": "2023-04-04T03:29:54Z",
    "availableBytes": 48176263168,
    "capacityBytes": 101203873792,
    "usedBytes": 81920,
    "inodesFree": 5208160,
    "inodes": 6258720,
    "inodesUsed": 15
   },
   "process_stats": {
    "process_count": 0
   }
  },
  {
   "podRef": {
    "name": "sleeper-76d89789b4-7458d",
    "namespace": "default",
    "uid": "56e58f3e-4706-4787-b198-8b3bcd8ddfda"
   },
   "startTime": "2023-02-27T03:23:17Z",
   "containers": [
    {
     "name": "sleeper",
     "startTime": "2023-02-27T03:23:18Z",
     "cpu": {
      "time": "2023-04-04T03:29:36Z",
      "usageNanoCores": 0,
      "usageCoreNanoSeconds": 57831567552
     },
     "memory": {
      "time": "2023-04-04T03:29:36Z",
      "availableBytes": 2057576448,
      "usageBytes": 43024384,
      "workingSetBytes": 39575552,
      "rssBytes": 675840,
      "pageFaults": 771870,
      "majorPageFaults": 198
     },
     "rootfs": {
      "time": "2023-04-04T03:29:52Z",
      "availableBytes": 48176263168,
      "capacityBytes": 101203873792,
      "usedBytes": 518328320,
      "inodesFree": 5208160,
      "inodes": 6258720,
      "inodesUsed": 22329
     },
     "logs": {
      "time": "2023-04-04T03:29:54Z",
      "availableBytes": 48176263168,
      "capacityBytes": 101203873792,
      "usedBytes": 0,
      "inodesFree": 5208160,
      "inodes": 6258720,
      "inodesUsed": 1
     }
    }
   ],
   "cpu": {
    "time": "2023-04-04T03:29:37Z",
    "usageNanoCores": 0,
    "usageCoreNanoSeconds": 58214417632
   },
   "memory": {
    "time": "2023-04-04T03:29:37Z",
    "availableBytes": 2057474048,
    "usageBytes": 43249664,
    "workingSetBytes": 39677952,
    "rssBytes": 405504,
    "pageFaults": 0,
    "majorPageFaults": 0
   },
   "network": {
    "time": "2023-04-04T03:29:43Z",
    "name": "eth0",
    "rxBytes": 130202542,
    "rxErrors": 0,
    "txBytes": 460546,
    "txErrors": 0,
    "interfaces": [
     {
      "name": "eth0",
      "rxBytes": 130202542,
      "rxErrors": 0,
      "txBytes": 460546,
      "txErrors": 0
     }
    ]
   },
   "volume": [
    {
     "time": "2023-04-04T03:29:35Z",
     "availableBytes": 2097147904,
     "capacityBytes": 2097152000,
     "usedBytes": 4096,
     "inodesFree": 2049158,
     "inodes": 2049160,
     "inodesUsed": 2,
     "name": "grpc-td-conf"
    },
    {
     "time": "2023-04-04T03:29:35Z",
     "availableBytes": 2097139712,
     "capacityBytes": 2097152000,
     "usedBytes": 12288,
     "inodesFree": 2049151,
     "inodes": 2049160,
     "inodesUsed": 9,
     "name": "kube-api-access-9brff"
    }
   ],
   "ephemeral-storage": {
    "time": "2023-04-04T03:29:54Z",
    "availableBytes": 48176263168,
    "capacityBytes": 101203873792,
    "usedBytes": 518332416,
    "inodesFree": 5208160,
    "inodes": 6258720,
    "inodesUsed": 22331
   },
   "process_stats": {
    "process_count": 0
   }
  },
  {
   "podRef": {
    "name": "l7-default-backend-6b99559c7d-5plt9",
    "namespace": "kube-system",
    "uid": "a95b99d3-54fe-4dcd-bd44-6a96bc9aa91c"
   },
   "startTime": "2023-02-13T14:13:31Z",
   "containers": [
    {
     "name": "default-http-backend",
     "startTime": "2023-02-13T14:13:33Z",
     "cpu": {
      "time": "2023-04-04T03:29:47Z",
      "usageNanoCores": 107203,
      "usageCoreNanoSeconds": 865876121657
     },
     "memory": {
      "time": "2023-04-04T03:29:47Z",
      "usageBytes": 5980160,
      "workingSetBytes": 4202496,
      "rssBytes": 3108864,
      "pageFaults": 3828,
      "majorPageFaults": 33
     },
     "rootfs": {
      "time": "2023-04-04T03:29:52Z",
      "availableBytes": 48176263168,
      "capacityBytes": 101203873792,
      "usedBytes": 32768,
      "inodesFree": 5208160,
      "inodes": 6258720,
      "inodesUsed": 10
     },
     "logs": {
      "time": "2023-04-04T03:29:54Z",
      "availableBytes": 48176263168,
      "capacityBytes": 101203873792,
      "usedBytes": 176128,
      "inodesFree": 5208160,
      "inodes": 6258720,
      "inodesUsed": 1
     }
    }
   ],
   "cpu": {
    "time": "2023-04-04T03:29:52Z",
    "usageNanoCores": 122386,
    "usageCoreNanoSeconds": 866403003433
   },
   "memory": {
    "time": "2023-04-04T03:29:52Z",
    "usageBytes": 6180864,
    "workingSetBytes": 4403200,
    "rssBytes": 2838528,
    "pageFaults": 0,
    "majorPageFaults": 0
   },
   "network": {
    "time": "2023-04-04T03:29:54Z",
    "name": "eth0",
    "rxBytes": 409097682,
    "rxErrors": 0,
    "txBytes": 372863284,
    "txErrors": 0,
    "interfaces": [
     {
      "name": "eth0",
      "rxBytes": 409097682,
      "rxErrors": 0,
      "txBytes": 372863284,
      "txErrors": 0
     }
    ]
   },
   "volume": [
    {
     "time": "2023-04-04T03:29:13Z",
     "availableBytes": 13931438080,
     "capacityBytes": 13931450368,
     "usedBytes": 12288,
     "inodesFree": 2049151,
     "inodes": 2049160,
     "inodesUsed": 9,
     "name": "kube-api-access-n8fg4"
    }
   ],
   "ephemeral-storage": {
    "time": "2023-04-04T03:29:54Z",
    "availableBytes": 48176263168,
    "capacityBytes": 101203873792,
    "usedBytes": 212992,
    "inodesFree": 5208160,
    "inodes": 6258720,
    "inodesUsed": 12
   },
   "process_stats": {
    "process_count": 0
   }
  },
  {
   "podRef": {
    "name": "kube-dns-autoscaler-fbc66b884-crkdr",
    "namespace": "kube-system",
    "uid": "ddc42732-b993-4bbe-9b58-edc6ba984be3"
   },
   "startTime": "2023-02-13T14:13:30Z",
   "containers": [
    {
     "name": "autoscaler",
     "startTime": "2023-02-13T14:13:31Z",
     "cpu": {
      "time": "2023-04-04T03:29:50Z",
      "usageNanoCores": 306636,
      "usageCoreNanoSeconds": 1002913649334
     },
     "memory": {
      "time": "2023-04-04T03:29:50Z",
      "usageBytes": 12488704,
      "workingSetBytes": 10113024,
      "rssBytes": 6758400,
      "pageFaults": 5115,
      "majorPageFaults": 132
     },
     "rootfs": {
      "time": "2023-04-04T03:29:52Z",
      "availableBytes": 48176263168,
      "capacityBytes": 101203873792,
      "usedBytes": 32768,
      "inodesFree": 5208160,
      "inodes": 6258720,
      "inodesUsed": 10
     },
     "logs": {
      "time": "2023-04-04T03:29:54Z",
      "availableBytes": 48176263168,
      "capacityBytes": 101203873792,
      "usedBytes": 4096,
      "inodesFree": 5208160,
      "inodes": 6258720,
      "inodesUsed": 1
     }
    }
   ],
   "cpu": {
    "time": "2023-04-04T03:29:51Z",
    "usageNanoCores": 394077,
    "usageCoreNanoSeconds": 1003404985413
   },
   "memory": {
    "time": "2023-04-04T03:29:51Z",
    "usageBytes": 12693504,
    "workingSetBytes": 10317824,
    "rssBytes": 6758400,
    "pageFaults": 0,
    "majorPageFaults": 0
   },
   "network": {
    "time": "2023-04-04T03:29:44Z",
    "name": "eth0",
    "rxBytes": 1847824526,
    "rxErrors": 0,
    "txBytes": 182497266,
    "txErrors": 0,
    "interfaces": [
     {
      "name": "eth0",
      "rxBytes": 1847824526,
      "rxErrors": 0,
      "txBytes": 182497266,
      "txErrors": 0
     }
    ]
   },
   "volume": [
    {
     "time": "2023-04-04T03:28:58Z",
     "availableBytes": 13931438080,
     "capacityBytes": 13931450368,
     "usedBytes": 12288,
     "inodesFree": 2049151,
     "inodes": 2049160,
     "inodesUsed": 9,
     "name": "kube-api-access-wqntf"
    }
   ],
   "ephemeral-storage": {
    "time": "2023-04-04T03:29:54Z",
    "availableBytes": 48176263168,
    "capacityBytes": 101203873792,
    "usedBytes": 40960,
    "inodesFree": 5208160,
    "inodes": 6258720,
    "inodesUsed": 12
   },
   "process_stats": {
    "process_count": 0
   }
  },
  {
   "podRef": {
    "name": "event-exporter-gke-5dc976447f-jxvdt",
    "namespace": "kube-system",
    "uid": "415de374-472d-430f-95af-cdcd4e029a8a"
   },
   "startTime": "2023-02-13T14:13:31Z",
   "containers": [
    {
     "name": "event-exporter",
     "startTime": "2023-02-13T14:13:34Z",
     "cpu": {
      "time": "2023-04-04T03:29:44Z",
      "usageNanoCores": 1088429,
      "usageCoreNanoSeconds": 1578469952508
     },
     "memory": {
      "time": "2023-04-04T03:29:44Z",
      "usageBytes": 19509248,
      "workingSetBytes": 16883712,
      "rssBytes": 15003648,
      "pageFaults": 6451005,
      "majorPageFaults": 198
     },
     "rootfs": {
      "time": "2023-04-04T03:29:52Z",
      "availableBytes": 48176263168,
      "capacityBytes": 101203873792,
      "usedBytes": 32768,
      "inodesFree": 5208160,
      "inodes": 6258720,
      "inodesUsed": 10
     },
     "logs": {
      "time": "2023-04-04T03:29:54Z",
      "availableBytes": 48176263168,
      "capacityBytes": 101203873792,
      "usedBytes": 32768,
      "inodesFree": 5208160,
      "inodes": 6258720,
      "inodesUsed": 1
     }
    },
    {
     "name": "prometheus-to-sd-exporter",
     "startTime": "2023-02-13T14:13:39Z",
     "cpu": {
      "time": "2023-04-04T03:29:48Z",
      "usageNanoCores": 450509,
      "usageCoreNanoSeconds": 1559440049296
     },
     "memory": {
      "time": "2023-04-04T03:29:48Z",
      "usageBytes": 13680640,
      "workingSetBytes": 12804096,
      "rssBytes": 10272768,
      "pageFaults": 6578913,
      "majorPageFaults": 0
     },
     "rootfs": {
      "time": "2023-04-04T03:29:52Z",
      "availableBytes": 48176263168,
      "capacityBytes": 101203873792,
      "usedBytes": 32768,
      "inodesFree": 5208160,
      "inodes": 6258720,
      "inodesUsed": 10
     },
     "logs": {
      "time": "2023-04-04T03:29:54Z",
      "availableBytes": 48176263168,
      "capacityBytes": 101203873792,
      "usedBytes": 4096,
      "inodesFree": 5208160,
      "inodes": 6258720,
      "inodesUsed": 1
     }
    }
   ],
   "cpu": {
    "time": "2023-04-04T03:29:53Z",
    "usageNanoCores": 181812,
    "usageCoreNanoSeconds": 3138461313120
   },
   "memory": {
    "time": "2023-04-04T03:29:53Z",
    "usageBytes": 33415168,
    "workingSetBytes": 29913088,
    "rssBytes": 25141248,
    "pageFaults": 0,
    "majorPageFaults": 0
   },
   "network": {
    "time": "2023-04-04T03:29:43Z",
    "name": "eth0",
    "rxBytes": 369672536,
    "rxErrors": 0,
    "txBytes": 472740601,
    "txErrors": 0,
    "interfaces": [
     {
      "name": "eth0",
      "rxBytes": 369672536,
      "rxErrors": 0,
      "txBytes": 472740601,
      "txErrors": 0
     }
    ]
   },
   "volume": [
    {
     "time": "2023-04-04T03:29:47Z",
     "availableBytes": 13931438080,
     "capacityBytes": 13931450368,
     "usedBytes": 12288,
     "inodesFree": 2049151,
     "inodes": 2049160,
     "inodesUsed": 9,
     "name": "kube-api-access-jk49f"
    }
   ],
   "ephemeral-storage": {
    "time": "2023-04-04T03:29:54Z",
    "availableBytes": 48176263168,
    "capacityBytes": 101203873792,
    "usedBytes": 106496,
    "inodesFree": 5208160,
    "inodes": 6258720,
    "inodesUsed": 23
   },
   "process_stats": {
    "process_count": 0
   }
  },
  {
   "podRef": {
    "name": "konnectivity-agent-68c4fc8855-5z492",
    "namespace": "kube-system",
    "uid": "f57f82d4-2b74-4b3b-bbd8-b334b70398f0"
   },
   "startTime": "2023-02-13T14:15:42Z",
   "containers": [
    {
     "name": "konnectivity-agent",
     "startTime": "2023-02-13T14:15:43Z",
     "cpu": {
      "time": "2023-04-04T03:29:51Z",
      "usageNanoCores": 84060,
      "usageCoreNanoSeconds": 6549644850774
     },
     "memory": {
      "time": "2023-04-04T03:29:51Z",
      "availableBytes": 120262656,
      "usageBytes": 11079680,
      "workingSetBytes": 10809344,
      "rssBytes": 9461760,
      "pageFaults": 8493210,
      "majorPageFaults": 0
     },
     "rootfs": {
      "time": "2023-04-04T03:29:52Z",
      "availableBytes": 48176263168,
      "capacityBytes": 101203873792,
      "usedBytes": 45056,
      "inodesFree": 5208160,
      "inodes": 6258720,
      "inodesUsed": 14
     },
     "logs": {
      "time": "2023-04-04T03:29:54Z",
      "availableBytes": 48176263168,
      "capacityBytes": 101203873792,
      "usedBytes": 18796544,
      "inodesFree": 5208160,
      "inodes": 6258720,
      "inodesUsed": 3
     }
    }
   ],
   "cpu": {
    "time": "2023-04-04T03:29:41Z",
    "usageNanoCores": 338137,
    "usageCoreNanoSeconds": 6550031767348
   },
   "memory": {
    "time": "2023-04-04T03:29:41Z",
    "availableBytes": 120049664,
    "usageBytes": 11292672,
    "workingSetBytes": 11022336,
    "rssBytes": 9461760,
    "pageFaults": 0,
    "majorPageFaults": 0
   },
   "network": {
    "time": "2023-04-04T03:29:52Z",
    "name": "eth0",
    "rxBytes": 1403422985,
    "rxErrors": 0,
    "txBytes": 1505412835,
    "txErrors": 0,
    "interfaces": [
     {
      "name": "eth0",
      "rxBytes": 1403422985,
      "rxErrors": 0,
      "txBytes": 1505412835,
      "txErrors": 0
     }
    ]
   },
   "volume": [
    {
     "time": "2023-04-04T03:28:17Z",
     "availableBytes": 131059712,
     "capacityBytes": 131072000,
     "usedBytes": 12288,
     "inodesFree": 2049151,
     "inodes": 2049160,
     "inodesUsed": 9,
     "name": "kube-api-access-9t7wz"
    },
    {
     "time": "2023-04-04T03:28:17Z",
     "availableBytes": 131067904,
     "capacityBytes": 131072000,
     "usedBytes": 4096,
     "inodesFree": 2049155,
     "inodes": 2049160,
     "inodesUsed": 5,
     "name": "konnectivity-agent-token"
    }
   ],
   "ephemeral-storage": {
    "time": "2023-04-04T03:29:54Z",
    "availableBytes": 48176263168,
    "capacityBytes": 101203873792,
    "usedBytes": 18845696,
    "inodesFree": 5208160,
    "inodes": 6258720,
    "inodesUsed": 18
   },
   "process_stats": {
    "process_count": 0
   }
  },
  {
   "podRef": {
    "name": "gke-metrics-agent-vqvrn",
    "namespace": "kube-system",
    "uid": "1a1047c9-4bdd-47b1-87d1-a1eacb2d22c5"
   },
   "startTime": "2023-03-15T07:39:12Z",
   "containers": [
    {
     "name": "gke-metrics-agent",
     "startTime": "2023-03-15T07:39:13Z",
     "cpu": {
      "time": "2023-04-04T03:29:45Z",
      "usageNanoCores": 6582499,
      "usageCoreNanoSeconds": 6730969336396
     },
     "memory": {
      "time": "2023-04-04T03:29:45Z",
      "availableBytes": 11526144,
      "usageBytes": 46837760,
      "workingSetBytes": 40902656,
      "rssBytes": 35684352,
      "pageFaults": 5227431,
      "majorPageFaults": 396
     },
     "rootfs": {
      "time": "2023-04-04T03:29:52Z",
      "availableBytes": 48176263168,
      "capacityBytes": 101203873792,
      "usedBytes": 36864,
      "inodesFree": 5208160,
      "inodes": 6258720,
      "inodesUsed": 11
     },
     "logs": {
      "time": "2023-04-04T03:29:54Z",
      "availableBytes": 48176263168,
      "capacityBytes": 101203873792,
      "usedBytes": 20480,
      "inodesFree": 5208160,
      "inodes": 6258720,
      "inodesUsed": 1
     }
    }
   ],
   "cpu": {
    "time": "2023-04-04T03:29:48Z",
    "usageNanoCores": 4476003,
    "usageCoreNanoSeconds": 6731432170522
   },
   "memory": {
    "time": "2023-04-04T03:29:48Z",
    "availableBytes": 11337728,
    "usageBytes": 47026176,
    "workingSetBytes": 41091072,
    "rssBytes": 35549184,
    "pageFaults": 0,
    "majorPageFaults": 0
   },
   "network": {
    "time": "2023-04-04T03:29:47Z",
    "name": "eth0",
    "rxBytes": 152426018340,
    "rxErrors": 0,
    "txBytes": 133348359526,
    "txErrors": 0,
    "interfaces": [
     {
      "name": "eth0",
      "rxBytes": 152426018340,
      "rxErrors": 0,
      "txBytes": 133348359526,
      "txErrors": 0
     },
     {
      "name": "gke85e3506b0d9",
      "rxBytes": 182497308,
      "rxErrors": 0,
      "txBytes": 1847824568,
      "txErrors": 0
     },
     {
      "name": "gkec4c6103a7f4",
      "rxBytes": 182765658,
      "rxErrors": 0,
      "txBytes": 2033633989,
      "txErrors": 0
     },
     {
      "name": "gke9d36fd9dc73",
      "rxBytes": 472740601,
      "rxErrors": 0,
      "txBytes": 369672536,
      "txErrors": 0
     },
     {
      "name": "gke0d56a463fd8",
      "rxBytes": 372862804,
      "rxErrors": 0,
      "txBytes": 409097234,
      "txErrors": 0
     },
     {
      "name": "gke659f489b63d",
      "rxBytes": 63892126,
      "rxErrors": 0,
      "txBytes": 1850847390,
      "txErrors": 0
     },
     {
      "name": "gkea9e5bfb87a5",
      "rxBytes": 1690084967,
      "rxErrors": 0,
      "txBytes": 10627341295,
      "txErrors": 0
     },
     {
      "name": "gkee1bfd47f91b",
      "rxBytes": 35019056263,
      "rxErrors": 0,
      "txBytes": 18815325174,
      "txErrors": 0
     },
     {
      "name": "gke8e56dee1a7a",
      "rxBytes": 8819801660,
      "rxErrors": 0,
      "txBytes": 5901401058,
      "txErrors": 0
     },
     {
      "name": "gkeb032ca89019",
      "rxBytes": 1505412835,
      "rxErrors": 0,
      "txBytes": 1403422985,
      "txErrors": 0
     },
     {
      "name": "gke5d736588655",
      "rxBytes": 575076240,
      "rxErrors": 0,
      "txBytes": 1026704158,
      "txErrors": 0
     },
     {
      "name": "gkef865027cca4",
      "rxBytes": 460546,
      "rxErrors": 0,
      "txBytes": 130202542,
      "txErrors": 0
     },
     {
      "name": "gke7f26c249582",
      "rxBytes": 461454739,
      "rxErrors": 0,
      "txBytes": 914292839,
      "txErrors": 0
     },
     {
      "name": "gkef86e8e97186",
      "rxBytes": 359537075,
      "rxErrors": 0,
      "txBytes": 336679276,
      "txErrors": 0
     },
     {
      "name": "gke0ab6a9919ed",
      "rxBytes": 2516051547,
      "rxErrors": 0,
      "txBytes": 1775174669,
      "txErrors": 0
     },
     {
      "name": "gke1e334d19c86",
      "rxBytes": 244174426,
      "rxErrors": 0,
      "txBytes": 3260352742,
      "txErrors": 0
     }
    ]
   },
   "volume": [
    {
     "time": "2023-04-04T03:29:36Z",
     "availableBytes": 48176267264,
     "capacityBytes": 101203873792,
     "usedBytes": 45056,
     "inodesFree": 5208160,
     "inodes": 6258720,
     "inodesUsed": 5,
     "name": "gke-metrics-agent-config-vol"
    },
    {
     "time": "2023-04-04T03:29:36Z",
     "availableBytes": 52416512,
     "capacityBytes": 52428800,
     "usedBytes": 12288,
     "inodesFree": 2049151,
     "inodes": 2049160,
     "inodesUsed": 9,
     "name": "kube-api-access-xjz56"
    }
   ],
   "ephemeral-storage": {
    "time": "2023-04-04T03:29:54Z",
    "availableBytes": 48176263168,
    "capacityBytes": 101203873792,
    "usedBytes": 106496,
    "inodesFree": 5208160,
    "inodes": 6258720,
    "inodesUsed": 18
   },
   "process_stats": {
    "process_count": 0
   }
  },
  {
   "podRef": {
    "name": "kube-proxy-gke-backend-node-pool-common-e07e3fec-4h3h",
    "namespace": "kube-system",
    "uid": "905bd3a7774fd9bc645b21f1dfb29f6f"
   },
   "startTime": "2023-02-13T14:13:05Z",
   "containers": [
    {
     "name": "kube-proxy",
     "startTime": "2023-02-13T14:13:08Z",
     "cpu": {
      "time": "2023-04-04T03:29:37Z",
      "usageNanoCores": 774142,
      "usageCoreNanoSeconds": 4919734091994
     },
     "memory": {
      "time": "2023-04-04T03:29:37Z",
      "usageBytes": 30887936,
      "workingSetBytes": 25616384,
      "rssBytes": 14192640,
      "pageFaults": 24019446,
      "majorPageFaults": 693
     },
     "rootfs": {
      "time": "2023-04-04T03:29:52Z",
      "availableBytes": 48176263168,
      "capacityBytes": 101203873792,
      "usedBytes": 94208,
      "inodesFree": 5208160,
      "inodes": 6258720,
      "inodesUsed": 26
     },
     "logs": {
      "time": "2023-04-04T03:29:54Z",
      "availableBytes": 48176263168,
      "capacityBytes": 101203873792,
      "usedBytes": 0,
      "inodesFree": 5208160,
      "inodes": 6258720,
      "inodesUsed": 1
     }
    }
   ],
   "cpu": {
    "time": "2023-04-04T03:29:37Z",
    "usageNanoCores": 755037,
    "usageCoreNanoSeconds": 4919754401158
   },
   "memory": {
    "time": "2023-04-04T03:29:37Z",
    "usageBytes": 31584256,
    "workingSetBytes": 26312704,
    "rssBytes": 14057472,
    "pageFaults": 0,
    "majorPageFaults": 0
   },
   "network": {
    "time": "2023-04-04T03:29:43Z",
    "name": "eth0",
    "rxBytes": 152425985490,
    "rxErrors": 0,
    "txBytes": 133348346794,
    "txErrors": 0,
    "interfaces": [
     {
      "name": "eth0",
      "rxBytes": 152425985490,
      "rxErrors": 0,
      "txBytes": 133348346794,
      "txErrors": 0
     },
     {
      "name": "gke85e3506b0d9",
      "rxBytes": 182497266,
      "rxErrors": 0,
      "txBytes": 1847824526,
      "txErrors": 0
     },
     {
      "name": "gkec4c6103a7f4",
      "rxBytes": 182765658,
      "rxErrors": 0,
      "txBytes": 2033633989,
      "txErrors": 0
     },
     {
      "name": "gke9d36fd9dc73",
      "rxBytes": 472740601,
      "rxErrors": 0,
      "txBytes": 369672536,
      "txErrors": 0
     },
     {
      "name": "gke0d56a463fd8",
      "rxBytes": 372862804,
      "rxErrors": 0,
      "txBytes": 409097234,
      "txErrors": 0
     },
     {
      "name": "gke659f489b63d",
      "rxBytes": 63891955,
      "rxErrors": 0,
      "txBytes": 1850847219,
      "txErrors": 0
     },
     {
      "name": "gkea9e5bfb87a5",
      "rxBytes": 1690083165,
      "rxErrors": 0,
      "txBytes": 10627339989,
      "txErrors": 0
     },
     {
      "name": "gkee1bfd47f91b",
      "rxBytes": 35019055219,
      "rxErrors": 0,
      "txBytes": 18815323602,
      "txErrors": 0
     },
     {
      "name": "gke8e56dee1a7a",
      "rxBytes": 8819794353,
      "rxErrors": 0,
      "txBytes": 5901396960,
      "txErrors": 0
     },
     {
      "name": "gkeb032ca89019",
      "rxBytes": 1505412637,
      "rxErrors": 0,
      "txBytes": 1403422787,
      "txErrors": 0
     },
     {
      "name": "gke5d736588655",
      "rxBytes": 575075221,
      "rxErrors": 0,
      "txBytes": 1026702536,
      "txErrors": 0
     },
     {
      "name": "gkef865027cca4",
      "rxBytes": 460546,
      "rxErrors": 0,
      "txBytes": 130202542,
      "txErrors": 0
     },
     {
      "name": "gke7f26c249582",
      "rxBytes": 461454336,
      "rxErrors": 0,
      "txBytes": 914292280,
      "txErrors": 0
     },
     {
      "name": "gkef86e8e97186",
      "rxBytes": 359536943,
      "rxErrors": 0,
      "txBytes": 336679144,
      "txErrors": 0
     },
     {
      "name": "gke0ab6a9919ed",
      "rxBytes": 2516051152,
      "rxErrors": 0,
      "txBytes": 1775172062,
      "txErrors": 0
     },
     {
      "name": "gke1e334d19c86",
      "rxBytes": 244172775,
      "rxErrors": 0,
      "txBytes": 3260345576,
      "txErrors": 0
     }
    ]
   },
   "ephemeral-storage": {
    "time": "2023-04-04T03:29:54Z",
    "availableBytes": 48176263168,
    "capacityBytes": 101203873792,
    "usedBytes": 98304,
    "inodesFree": 5208160,
    "inodes": 6258720,
    "inodesUsed": 28
   },
   "process_stats": {
    "process_count": 0
   }
  },
  {
   "podRef": {
    "name": "postgres-operator-6cd7cb9bcc-zzl84",
    "namespace": "default",
    "uid": "66aeaa70-e9a1-4e1f-8637-af2f037f74d5"
   },
   "startTime": "2023-02-13T14:15:22Z",
   "containers": [
    {
     "name": "postgres-operator",
     "startTime": "2023-02-13T14:15:28Z",
     "cpu": {
      "time": "2023-04-04T03:29:50Z",
      "usageNanoCores": 112961,
      "usageCoreNanoSeconds": 988562006741
     },
     "memory": {
      "time": "2023-04-04T03:29:50Z",
      "availableBytes": 502030336,
      "usageBytes": 25272320,
      "workingSetBytes": 22257664,
      "rssBytes": 19329024,
      "pageFaults": 113157,
      "majorPageFaults": 429
     },
     "rootfs": {
      "time": "2023-04-04T03:29:52Z",
      "availableBytes": 48176263168,
      "capacityBytes": 101203873792,
      "usedBytes": 24576,
      "inodesFree": 5208160,
      "inodes": 6258720,
      "inodesUsed": 7
     },
     "logs": {
      "time": "2023-04-04T03:29:54Z",
      "availableBytes": 48176263168,
      "capacityBytes": 101203873792,
      "usedBytes": 430080,
      "inodesFree": 5208160,
      "inodes": 6258720,
      "inodesUsed": 1
     }
    }
   ],
   "cpu": {
    "time": "2023-04-04T03:29:51Z",
    "usageNanoCores": 97419,
    "usageCoreNanoSeconds": 988945539063
   },
   "memory": {
    "time": "2023-04-04T03:29:51Z",
    "availableBytes": 501825536,
    "usageBytes": 25477120,
    "workingSetBytes": 22462464,
    "rssBytes": 19058688,
    "pageFaults": 0,
    "majorPageFaults": 0
   },
   "network": {
    "time": "2023-04-04T03:29:50Z",
    "name": "eth0",
    "rxBytes": 1850847390,
    "rxErrors": 0,
    "txBytes": 63892126,
    "txErrors": 0,
    "interfaces": [
     {
      "name": "eth0",
      "rxBytes": 1850847390,
      "rxErrors": 0,
      "txBytes": 63892126,
      "txErrors": 0
     }
    ]
   },
   "volume": [
    {
     "time": "2023-04-04T03:28:42Z",
     "availableBytes": 524275712,
     "capacityBytes": 524288000,
     "usedBytes": 12288,
     "inodesFree": 2049151,
     "inodes": 2049160,
     "inodesUsed": 9,
     "name": "kube-api-access-kzngn"
    }
   ],
   "ephemeral-storage": {
    "time": "2023-04-04T03:29:54Z",
    "availableBytes": 48176263168,
    "capacityBytes": 101203873792,
    "usedBytes": 458752,
    "inodesFree": 5208160,
    "inodes": 6258720,
    "inodesUsed": 9
   },
   "process_stats": {
    "process_count": 0
   }
  },
  {
   "podRef": {
    "name": "ip-masq-agent-lvv7p",
    "namespace": "kube-system",
    "uid": "daca50ca-a987-42f3-878d-2284c8faa6db"
   },
   "startTime": "2023-02-13T14:13:12Z",
   "containers": [
    {
     "name": "ip-masq-agent",
     "startTime": "2023-02-13T14:13:12Z",
     "cpu": {
      "time": "2023-04-04T03:29:45Z",
      "usageNanoCores": 499200,
      "usageCoreNanoSeconds": 888260086632
     },
     "memory": {
      "time": "2023-04-04T03:29:45Z",
      "usageBytes": 9211904,
      "workingSetBytes": 8335360,
      "rssBytes": 4055040,
      "pageFaults": 30437517,
      "majorPageFaults": 99
     },
     "rootfs": {
      "time": "2023-04-04T03:29:52Z",
      "availableBytes": 48176263168,
      "capacityBytes": 101203873792,
      "usedBytes": 53248,
      "inodesFree": 5208160,
      "inodes": 6258720,
      "inodesUsed": 21
     },
     "logs": {
      "time": "2023-04-04T03:29:54Z",
      "availableBytes": 48176263168,
      "capacityBytes": 101203873792,
      "usedBytes": 0,
      "inodesFree": 5208160,
      "inodes": 6258720,
      "inodesUsed": 1
     }
    }
   ],
   "cpu": {
    "time": "2023-04-04T03:29:47Z",
    "usageNanoCores": 686449,
    "usageCoreNanoSeconds": 888285212502
   },
   "memory": {
    "time": "2023-04-04T03:29:47Z",
    "usageBytes": 9416704,
    "workingSetBytes": 8540160,
    "rssBytes": 3919872,
    "pageFaults": 0,
    "majorPageFaults": 0
   },
   "network": {
    "time": "2023-04-04T03:29:45Z",
    "name": "eth0",
    "rxBytes": 152426013562,
    "rxErrors": 0,
    "txBytes": 133348358451,
    "txErrors": 0,
    "interfaces": [
     {
      "name": "eth0",
      "rxBytes": 152426013562,
      "rxErrors": 0,
      "txBytes": 133348358451,
      "txErrors": 0
     },
     {
      "name": "gke85e3506b0d9",
      "rxBytes": 182497266,
      "rxErrors": 0,
      "txBytes": 1847824526,
      "txErrors": 0
     },
     {
      "name": "gkec4c6103a7f4",
      "rxBytes": 182765658,
      "rxErrors": 0,
      "txBytes": 2033633989,
      "txErrors": 0
     },
     {
      "name": "gke9d36fd9dc73",
      "rxBytes": 472740601,
      "rxErrors": 0,
      "txBytes": 369672536,
      "txErrors": 0
     },
     {
      "name": "gke0d56a463fd8",
      "rxBytes": 372862804,
      "rxErrors": 0,
      "txBytes": 409097234,
      "txErrors": 0
     },
     {
      "name": "gke659f489b63d",
      "rxBytes": 63891955,
      "rxErrors": 0,
      "txBytes": 1850847219,
      "txErrors": 0
     },
     {
      "name": "gkea9e5bfb87a5",
      "rxBytes": 1690084681,
      "rxErrors": 0,
      "txBytes": 10627341083,
      "txErrors": 0
     },
     {
      "name": "gkee1bfd47f91b",
      "rxBytes": 35019056051,
      "rxErrors": 0,
      "txBytes": 18815324888,
      "txErrors": 0
     },
     {
      "name": "gke8e56dee1a7a",
      "rxBytes": 8819801528,
      "rxErrors": 0,
      "txBytes": 5901399198,
      "txErrors": 0
     },
     {
      "name": "gkeb032ca89019",
      "rxBytes": 1505412835,
      "rxErrors": 0,
      "txBytes": 1403422985,
      "txErrors": 0
     },
     {
      "name": "gke5d736588655",
      "rxBytes": 575075986,
      "rxErrors": 0,
      "txBytes": 1026703681,
      "txErrors": 0
     },
     {
      "name": "gkef865027cca4",
      "rxBytes": 460546,
      "rxErrors": 0,
      "txBytes": 130202542,
      "txErrors": 0
     },
     {
      "name": "gke7f26c249582",
      "rxBytes": 461454419,
      "rxErrors": 0,
      "txBytes": 914292429,
      "txErrors": 0
     },
     {
      "name": "gkef86e8e97186",
      "rxBytes": 359536943,
      "rxErrors": 0,
      "txBytes": 336679144,
      "txErrors": 0
     },
     {
      "name": "gke0ab6a9919ed",
      "rxBytes": 2516051349,
      "rxErrors": 0,
      "txBytes": 1775172809,
      "txErrors": 0
     },
     {
      "name": "gke1e334d19c86",
      "rxBytes": 244174426,
      "rxErrors": 0,
      "txBytes": 3260352742,
      "txErrors": 0
     }
    ]
   },
   "volume": [
    {
     "time": "2023-04-04T03:28:37Z",
     "availableBytes": 48176275456,
     "capacityBytes": 101203873792,
     "usedBytes": 8192,
     "inodesFree": 5208160,
     "inodes": 6258720,
     "inodesUsed": 3,
     "name": "config"
    },
    {
     "time": "2023-04-04T03:28:37Z",
     "availableBytes": 13931438080,
     "capacityBytes": 13931450368,
     "usedBytes": 12288,
     "inodesFree": 2049151,
     "inodes": 2049160,
     "inodesUsed": 9,
     "name": "kube-api-access-lkscx"
    }
   ],
   "ephemeral-storage": {
    "time": "2023-04-04T03:29:54Z",
    "availableBytes": 48176263168,
    "capacityBytes": 101203873792,
    "usedBytes": 65536,
    "inodesFree": 5208160,
    "inodes": 6258720,
    "inodesUsed": 26
   },
   "process_stats": {
    "process_count": 0
   }
  },
  {
   "podRef": {
    "name": "kube-dns-7d44cdb5d5-8mp8c",
    "namespace": "kube-system",
    "uid": "dd22ae91-0f0c-4376-8218-1c0c99c65692"
   },
   "startTime": "2023-02-13T14:15:42Z",
   "containers": [
    {
     "name": "dnsmasq",
     "startTime": "2023-02-13T14:15:43Z",
     "cpu": {
      "time": "2023-04-04T03:29:48Z",
      "usageNanoCores": 379548,
      "usageCoreNanoSeconds": 2612216657836
     },
     "memory": {
      "time": "2023-04-04T03:29:48Z",
      "usageBytes": 6250496,
      "workingSetBytes": 5857280,
      "rssBytes": 4730880,
      "pageFaults": 63459,
      "majorPageFaults": 0
     },
     "rootfs": {
      "time": "2023-04-04T03:29:52Z",
      "availableBytes": 48176263168,
      "capacityBytes": 101203873792,
      "usedBytes": 36864,
      "inodesFree": 5208160,
      "inodes": 6258720,
      "inodesUsed": 11
     },
     "logs": {
      "time": "2023-04-04T03:29:54Z",
      "availableBytes": 48176263168,
      "capacityBytes": 101203873792,
      "usedBytes": 4096,
      "inodesFree": 5208160,
      "inodes": 6258720,
      "inodesUsed": 1
     }
    },
    {
     "name": "prometheus-to-sd",
     "startTime": "2023-02-13T14:15:44Z",
     "cpu": {
      "time": "2023-04-04T03:29:46Z",
      "usageNanoCores": 206256,
      "usageCoreNanoSeconds": 886858827584
     },
     "memory": {
      "time": "2023-04-04T03:29:46Z",
      "usageBytes": 10768384,
      "workingSetBytes": 10530816,
      "rssBytes": 9596928,
      "pageFaults": 1859913,
      "majorPageFaults": 0
     },
     "rootfs": {
      "time": "2023-04-04T03:29:52Z",
      "availableBytes": 48176263168,
      "capacityBytes": 101203873792,
      "usedBytes": 32768,
      "inodesFree": 5208160,
      "inodes": 6258720,
      "inodesUsed": 10
     },
     "logs": {
      "time": "2023-04-04T03:29:54Z",
      "availableBytes": 48176263168,
      "capacityBytes": 101203873792,
      "usedBytes": 4096,
      "inodesFree": 5208160,
      "inodes": 6258720,
      "inodesUsed": 1
     }
    },
    {
     "name": "sidecar",
     "startTime": "2023-02-13T14:15:44Z",
     "cpu": {
      "time": "2023-04-04T03:29:53Z",
      "usageNanoCores": 1176984,
      "usageCoreNanoSeconds": 4295644432898
     },
     "memory": {
      "time": "2023-04-04T03:29:53Z",
      "usageBytes": 15376384,
      "workingSetBytes": 14626816,
      "rssBytes": 13111296,
      "pageFaults": 7014447,
      "majorPageFaults": 0
     },
     "rootfs": {
      "time": "2023-04-04T03:29:52Z",
      "availableBytes": 48176263168,
      "capacityBytes": 101203873792,
      "usedBytes": 32768,
      "inodesFree": 5208160,
      "inodes": 6258720,
      "inodesUsed": 10
     },
     "logs": {
      "time": "2023-04-04T03:29:54Z",
      "availableBytes": 48176263168,
      "capacityBytes": 101203873792,
      "usedBytes": 4096,
      "inodesFree": 5208160,
      "inodes": 6258720,
      "inodesUsed": 1
     }
    },
    {
     "name": "kubedns",
     "startTime": "2023-02-13T14:15:43Z",
     "cpu": {
      "time": "2023-04-04T03:29:44Z",
      "usageNanoCores": 1104685,
      "usageCoreNanoSeconds": 4789594662733
     },
     "memory": {
      "time": "2023-04-04T03:29:44Z",
      "availableBytes": 205905920,
      "usageBytes": 15237120,
      "workingSetBytes": 14295040,
      "rssBytes": 11489280,
      "pageFaults": 4544826,
      "majorPageFaults": 33
     },
     "rootfs": {
      "time": "2023-04-04T03:29:52Z",
      "availableBytes": 48176263168,
      "capacityBytes": 101203873792,
      "usedBytes": 36864,
      "inodesFree": 5208160,
      "inodes": 6258720,
      "inodesUsed": 11
     },
     "logs": {
      "time": "2023-04-04T03:29:54Z",
      "availableBytes": 48176263168,
      "capacityBytes": 101203873792,
      "usedBytes": 45056,
      "inodesFree": 5208160,
      "inodes": 6258720,
      "inodesUsed": 1
     }
    }
   ],
   "cpu": {
    "time": "2023-04-04T03:29:49Z",
    "usageNanoCores": 2778117,
    "usageCoreNanoSeconds": 12584687506400
   },
   "memory": {
    "time": "2023-04-04T03:29:49Z",
    "usageBytes": 47878144,
    "workingSetBytes": 45555712,
    "rssBytes": 38658048,
    "pageFaults": 0,
    "majorPageFaults": 0
   },
   "network": {
    "time": "2023-04-04T03:29:46Z",
    "name": "eth0",
    "rxBytes": 5901399198,
    "rxErrors": 0,
    "txBytes": 8819801528,
    "txErrors": 0,
    "interfaces": [
     {
      "name": "eth0",
      "rxBytes": 5901399198,
      "rxErrors": 0,
      "txBytes": 8819801528,
      "txErrors": 0
     }
    ]
   },
   "volume": [
    {
     "time": "2023-04-04T03:28:41Z",
     "availableBytes": 48176275456,
     "capacityBytes": 101203873792,
     "usedBytes": 8192,
     "inodesFree": 5208160,
     "inodes": 6258720,
     "inodesUsed": 3,
     "name": "kube-dns-config"
    },
    {
     "time": "2023-04-04T03:28:41Z",
     "availableBytes": 13931438080,
     "capacityBytes": 13931450368,
     "usedBytes": 12288,
     "inodesFree": 2049151,
     "inodes": 2049160,
     "inodesUsed": 9,
     "name": "kube-api-access-6wphh"
    }
   ],
   "ephemeral-storage": {
    "time": "2023-04-04T03:29:54Z",
    "availableBytes": 48176263168,
    "capacityBytes": 101203873792,
    "usedBytes": 208896,
    "inodesFree": 5208160,
    "inodes": 6258720,
    "inodesUsed": 50
   },
   "process_stats": {
    "process_count": 0
   }
  },
  {
   "podRef": {
    "name": "filestore-node-gbjft",
    "namespace": "kube-system",
    "uid": "c912bcc3-7d5b-4e0e-abc7-42e51e14ab06"
   },
   "startTime": "2023-02-13T14:13:12Z",
   "containers": [
    {
     "name": "csi-driver-registrar",
     "startTime": "2023-02-13T14:13:14Z",
     "cpu": {
      "time": "2023-04-04T03:29:52Z",
      "usageNanoCores": 42084,
      "usageCoreNanoSeconds": 273571791895
     },
     "memory": {
      "time": "2023-04-04T03:29:52Z",
      "usageBytes": 6074368,
      "workingSetBytes": 5541888,
      "rssBytes": 5001216,
      "pageFaults": 3234,
      "majorPageFaults": 0
     },
     "rootfs": {
      "time": "2023-04-04T03:29:52Z",
      "availableBytes": 48176263168,
      "capacityBytes": 101203873792,
      "usedBytes": 57344,
      "inodesFree": 5208160,
      "inodes": 6258720,
      "inodesUsed": 17
     },
     "logs": {
      "time": "2023-04-04T03:29:54Z",
      "availableBytes": 48176263168,
      "capacityBytes": 101203873792,
      "usedBytes": 4096,
      "inodesFree": 5208160,
      "inodes": 6258720,
      "inodesUsed": 1
     }
    },
    {
     "name": "gcp-filestore-driver",
     "startTime": "2023-02-13T14:13:26Z",
     "cpu": {
      "time": "2023-04-04T03:29:44Z",
      "usageNanoCores": 36394,
      "usageCoreNanoSeconds": 287862670384
     },
     "memory": {
      "time": "2023-04-04T03:29:44Z",
      "usageBytes": 6078464,
      "workingSetBytes": 5672960,
      "rssBytes": 4866048,
      "pageFaults": 2970,
      "majorPageFaults": 0
     },
     "rootfs": {
      "time": "2023-04-04T03:29:52Z",
      "availableBytes": 48176263168,
      "capacityBytes": 101203873792,
      "usedBytes": 40960,
      "inodesFree": 5208160,
      "inodes": 6258720,
      "inodesUsed": 9
     },
     "logs": {
      "time": "2023-04-04T03:29:54Z",
      "availableBytes": 48176263168,
      "capacityBytes": 101203873792,
      "usedBytes": 4096,
      "inodesFree": 5208160,
      "inodes": 6258720,
      "inodesUsed": 1
     }
    },
    {
     "name": "nfs-services",
     "startTime": "2023-02-13T14:13:26Z",
     "cpu": {
      "time": "2023-04-04T03:29:45Z",
      "usageNanoCores": 1779,
      "usageCoreNanoSeconds": 7256714786
     },
     "memory": {
      "time": "2023-04-04T03:29:45Z",
      "usageBytes": 102735872,
      "workingSetBytes": 102600704,
      "rssBytes": 101646336,
      "pageFaults": 54516,
      "majorPageFaults": 0
     },
     "rootfs": {
      "time": "2023-04-04T03:29:52Z",
      "availableBytes": 48176263168,
      "capacityBytes": 101203873792,
      "usedBytes": 69632,
      "inodesFree": 5208160,
      "inodes": 6258720,
      "inodesUsed": 19
     },
     "logs": {
      "time": "2023-04-04T03:29:54Z",
      "availableBytes": 48176263168,
      "capacityBytes": 101203873792,
      "usedBytes": 4096,
      "inodesFree": 5208160,
      "inodes": 6258720,
      "inodesUsed": 1
     }
    }
   ],
   "cpu": {
    "time": "2023-04-04T03:29:38Z",
    "usageNanoCores": 83990,
    "usageCoreNanoSeconds": 568718371515
   },
   "memory": {
    "time": "2023-04-04T03:29:38Z",
    "usageBytes": 115113984,
    "workingSetBytes": 114040832,
    "rssBytes": 111513600,
    "pageFaults": 0,
    "majorPageFaults": 0
   },
   "network": {
    "time": "2023-04-04T03:29:52Z",
    "name": "eth0",
    "rxBytes": 152426052609,
    "rxErrors": 0,
    "txBytes": 133348370772,
    "txErrors": 0,
    "interfaces": [
     {
      "name": "eth0",
      "rxBytes": 152426052609,
      "rxErrors": 0,
      "txBytes": 133348370772,
      "txErrors": 0
     },
     {
      "name": "gke85e3506b0d9",
      "rxBytes": 182497664,
      "rxErrors": 0,
      "txBytes": 1847825719,
      "txErrors": 0
     },
     {
      "name": "gkec4c6103a7f4",
      "rxBytes": 182766014,
      "rxErrors": 0,
      "txBytes": 2033635567,
      "txErrors": 0
     },
     {
      "name": "gke9d36fd9dc73",
      "rxBytes": 472740601,
      "rxErrors": 0,
      "txBytes": 369672536,
      "txErrors": 0
     },
     {
      "name": "gke0d56a463fd8",
      "rxBytes": 372863284,
      "rxErrors": 0,
      "txBytes": 409097682,
      "txErrors": 0
     },
     {
      "name": "gke659f489b63d",
      "rxBytes": 63892276,
      "rxErrors": 0,
      "txBytes": 1850847696,
      "txErrors": 0
     },
     {
      "name": "gkea9e5bfb87a5",
      "rxBytes": 1690086813,
      "rxErrors": 0,
      "txBytes": 10627342587,
      "txErrors": 0
     },
     {
      "name": "gkee1bfd47f91b",
      "rxBytes": 35019057293,
      "rxErrors": 0,
      "txBytes": 18815326790,
      "txErrors": 0
     },
     {
      "name": "gke8e56dee1a7a",
      "rxBytes": 8819801924,
      "rxErrors": 0,
      "txBytes": 5901403550,
      "txErrors": 0
     },
     {
      "name": "gkeb032ca89019",
      "rxBytes": 1505412835,
      "rxErrors": 0,
      "txBytes": 1403422985,
      "txErrors": 0
     },
     {
      "name": "gke5d736588655",
      "rxBytes": 575077300,
      "rxErrors": 0,
      "txBytes": 1026705886,
      "txErrors": 0
     },
     {
      "name": "gkef865027cca4",
      "rxBytes": 460546,
      "rxErrors": 0,
      "txBytes": 130202542,
      "txErrors": 0
     },
     {
      "name": "gke7f26c249582",
      "rxBytes": 461455921,
      "rxErrors": 0,
      "txBytes": 914295044,
      "txErrors": 0
     },
     {
      "name": "gkef86e8e97186",
      "rxBytes": 359538078,
      "rxErrors": 0,
      "txBytes": 336680254,
      "txErrors": 0
     },
     {
      "name": "gke0ab6a9919ed",
      "rxBytes": 2516064127,
      "rxErrors": 0,
      "txBytes": 1775179484,
      "txErrors": 0
     },
     {
      "name": "gke1e334d19c86",
      "rxBytes": 244175558,
      "rxErrors": 0,
      "txBytes": 3260396171,
      "txErrors": 0
     }
    ]
   },
   "volume": [
    {
     "time": "2023-04-04T03:29:48Z",
     "availableBytes": 13931438080,
     "capacityBytes": 13931450368,
     "usedBytes": 12288,
     "inodesFree": 2049151,
     "inodes": 2049160,
     "inodesUsed": 9,
     "name": "kube-api-access-x9hcc"
    }
   ],
   "ephemeral-storage": {
    "time": "2023-04-04T03:29:54Z",
    "availableBytes": 48176263168,
    "capacityBytes": 101203873792,
    "usedBytes": 184320,
    "inodesFree": 5208160,
    "inodes": 6258720,
    "inodesUsed": 49
   },
   "process_stats": {
    "process_count": 0
   }
  },
  {
   "podRef": {
    "name": "metrics-server-v0.5.2-866bc7fbf8-v7xqp",
    "namespace": "kube-system",
    "uid": "cd36ce5b-735f-4a0d-98dd-26666c835268"
   },
   "startTime": "2023-03-30T11:34:08Z",
   "containers": [
    {
     "name": "metrics-server",
     "startTime": "2023-03-30T11:34:09Z",
     "cpu": {
      "time": "2023-04-04T03:29:51Z",
      "usageNanoCores": 2244760,
      "usageCoreNanoSeconds": 1159423282450
     },
     "memory": {
      "time": "2023-04-04T03:29:51Z",
      "availableBytes": 38719488,
      "usageBytes": 19087360,
      "workingSetBytes": 18952192,
      "rssBytes": 17977344,
      "pageFaults": 61446,
      "majorPageFaults": 0
     },
     "rootfs": {
      "time": "2023-04-04T03:29:52Z",
      "availableBytes": 48176263168,
      "capacityBytes": 101203873792,
      "usedBytes": 32768,
      "inodesFree": 5208160,
      "inodes": 6258720,
      "inodesUsed": 10
     },
     "logs": {
      "time": "2023-04-04T03:29:54Z",
      "availableBytes": 48176263168,
      "capacityBytes": 101203873792,
      "usedBytes": 8192,
      "inodesFree": 5208160,
      "inodes": 6258720,
      "inodesUsed": 1
     }
    },
    {
     "name": "metrics-server-nanny",
     "startTime": "2023-03-30T11:34:17Z",
     "cpu": {
      "time": "2023-04-04T03:29:41Z",
      "usageNanoCores": 40618,
      "usageCoreNanoSeconds": 6994716360252
     },
     "memory": {
      "time": "2023-04-04T03:29:41Z",
      "availableBytes": 295313408,
      "usageBytes": 19259392,
      "workingSetBytes": 19259392,
      "rssBytes": 18923520,
      "pageFaults": 3597297,
      "majorPageFaults": 0
     },
     "rootfs": {
      "time": "2023-04-04T03:29:52Z",
      "availableBytes": 48176263168,
      "capacityBytes": 101203873792,
      "usedBytes": 36864,
      "inodesFree": 5208160,
      "inodes": 6258720,
      "inodesUsed": 11
     },
     "logs": {
      "time": "2023-04-04T03:29:54Z",
      "availableBytes": 48176263168,
      "capacityBytes": 101203873792,
      "usedBytes": 4096,
      "inodesFree": 5208160,
      "inodes": 6258720,
      "inodesUsed": 1
     }
    }
   ],
   "cpu": {
    "time": "2023-04-04T03:29:51Z",
    "usageNanoCores": 30643565,
    "usageCoreNanoSeconds": 8154987008072
   },
   "memory": {
    "time": "2023-04-04T03:29:51Z",
    "availableBytes": 334217216,
    "usageBytes": 38162432,
    "workingSetBytes": 38027264,
    "rssBytes": 36089856,
    "pageFaults": 0,
    "majorPageFaults": 0
   },
   "network": {
    "time": "2023-04-04T03:29:51Z",
    "name": "eth0",
    "rxBytes": 3260352940,
    "rxErrors": 0,
    "txBytes": 244174624,
    "txErrors": 0,
    "interfaces": [
     {
      "name": "eth0",
      "rxBytes": 3260352940,
      "rxErrors": 0,
      "txBytes": 244174624,
      "txErrors": 0
     }
    ]
   },
   "volume": [
    {
     "time": "2023-04-04T03:29:12Z",
     "availableBytes": 48176271360,
     "capacityBytes": 101203873792,
     "usedBytes": 12288,
     "inodesFree": 5208160,
     "inodes": 6258720,
     "inodesUsed": 5,
     "name": "metrics-server-config-volume"
    },
    {
     "time": "2023-04-04T03:29:12Z",
     "availableBytes": 48176271360,
     "capacityBytes": 101203873792,
     "usedBytes": 12288,
     "inodesFree": 5208160,
     "inodes": 6258720,
     "inodesUsed": 3,
     "name": "tmp-dir"
    },
    {
     "time": "2023-04-04T03:29:12Z",
     "availableBytes": 372232192,
     "capacityBytes": 372244480,
     "usedBytes": 12288,
     "inodesFree": 2049151,
     "inodes": 2049160,
     "inodesUsed": 9,
     "name": "kube-api-access-rvqkb"
    }
   ],
   "ephemeral-storage": {
    "time": "2023-04-04T03:29:54Z",
    "availableBytes": 48176263168,
    "capacityBytes": 101203873792,
    "usedBytes": 110592,
    "inodesFree": 5208160,
    "inodes": 6258720,
    "inodesUsed": 32
   },
   "process_stats": {
    "process_count": 0
   }
  },
  {
   "podRef": {
    "name": "gke-metadata-server-wxbl6",
    "namespace": "kube-system",
    "uid": "c1d50cb0-027a-4b3e-8eca-1eb43f4ff2ff"
   },
   "startTime": "2023-02-13T14:13:13Z",
   "containers": [
    {
     "name": "gke-metadata-server",
     "startTime": "2023-02-13T14:13:19Z",
     "cpu": {
      "time": "2023-04-04T03:29:53Z",
      "usageNanoCores": 1478247,
      "usageCoreNanoSeconds": 6378677274348
     },
     "memory": {
      "time": "2023-04-04T03:29:53Z",
      "availableBytes": 75784192,
      "usageBytes": 31223808,
      "workingSetBytes": 29073408,
      "rssBytes": 22978560,
      "pageFaults": 4215948,
      "majorPageFaults": 231
     },
     "rootfs": {
      "time": "2023-04-04T03:29:52Z",
      "availableBytes": 48176263168,
      "capacityBytes": 101203873792,
      "usedBytes": 77824,
      "inodesFree": 5208160,
      "inodes": 6258720,
      "inodesUsed": 24
     },
     "logs": {
      "time": "2023-04-04T03:29:54Z",
      "availableBytes": 48176263168,
      "capacityBytes": 101203873792,
      "usedBytes": 15474688,
      "inodesFree": 5208160,
      "inodes": 6258720,
      "inodesUsed": 5
     }
    }
   ],
   "cpu": {
    "time": "2023-04-04T03:29:47Z",
    "usageNanoCores": 1874640,
    "usageCoreNanoSeconds": 6378688487490
   },
   "memory": {
    "time": "2023-04-04T03:29:47Z",
    "availableBytes": 75583488,
    "usageBytes": 31424512,
    "workingSetBytes": 29274112,
    "rssBytes": 22978560,
    "pageFaults": 0,
    "majorPageFaults": 0
   },
   "network": {
    "time": "2023-04-04T03:29:47Z",
    "name": "eth0",
    "rxBytes": 152426018816,
    "rxErrors": 0,
    "txBytes": 133348359714,
    "txErrors": 0,
    "interfaces": [
     {
      "name": "eth0",
      "rxBytes": 152426018816,
      "rxErrors": 0,
      "txBytes": 133348359714,
      "txErrors": 0
     },
     {
      "name": "gke85e3506b0d9",
      "rxBytes": 182497308,
      "rxErrors": 0,
      "txBytes": 1847824568,
      "txErrors": 0
     },
     {
      "name": "gkec4c6103a7f4",
      "rxBytes": 182765658,
      "rxErrors": 0,
      "txBytes": 2033633989,
      "txErrors": 0
     },
     {
      "name": "gke9d36fd9dc73",
      "rxBytes": 472740601,
      "rxErrors": 0,
      "txBytes": 369672536,
      "txErrors": 0
     },
     {
      "name": "gke0d56a463fd8",
      "rxBytes": 372862804,
      "rxErrors": 0,
      "txBytes": 409097234,
      "txErrors": 0
     },
     {
      "name": "gke659f489b63d",
      "rxBytes": 63892126,
      "rxErrors": 0,
      "txBytes": 1850847390,
      "txErrors": 0
     },
     {
      "name": "gkea9e5bfb87a5",
      "rxBytes": 1690084967,
      "rxErrors": 0,
      "txBytes": 10627341295,
      "txErrors": 0
     },
     {
      "name": "gkee1bfd47f91b",
      "rxBytes": 35019056263,
      "rxErrors": 0,
      "txBytes": 18815325174,
      "txErrors": 0
     },
     {
      "name": "gke8e56dee1a7a",
      "rxBytes": 8819801660,
      "rxErrors": 0,
      "txBytes": 5901401058,
      "txErrors": 0
     },
     {
      "name": "gkeb032ca89019",
      "rxBytes": 1505412835,
      "rxErrors": 0,
      "txBytes": 1403422985,
      "txErrors": 0
     },
     {
      "name": "gke5d736588655",
      "rxBytes": 575076240,
      "rxErrors": 0,
      "txBytes": 1026704158,
      "txErrors": 0
     },
     {
      "name": "gkef865027cca4",
      "rxBytes": 460546,
      "rxErrors": 0,
      "txBytes": 130202542,
      "txErrors": 0
     },
     {
      "name": "gke7f26c249582",
      "rxBytes": 461454927,
      "rxErrors": 0,
      "txBytes": 914293315,
      "txErrors": 0
     },
     {
      "name": "gkef86e8e97186",
      "rxBytes": 359537339,
      "rxErrors": 0,
      "txBytes": 336679540,
      "txErrors": 0
     },
     {
      "name": "gke0ab6a9919ed",
      "rxBytes": 2516051547,
      "rxErrors": 0,
      "txBytes": 1775174669,
      "txErrors": 0
     },
     {
      "name": "gke1e334d19c86",
      "rxBytes": 244174558,
      "rxErrors": 0,
      "txBytes": 3260352874,
      "txErrors": 0
     }
    ]
   },
   "volume": [
    {
     "time": "2023-04-04T03:29:20Z",
     "availableBytes": 104845312,
     "capacityBytes": 104857600,
     "usedBytes": 12288,
     "inodesFree": 2049151,
     "inodes": 2049160,
     "inodesUsed": 9,
     "name": "kube-api-access-rngr8"
    }
   ],
   "ephemeral-storage": {
    "time": "2023-04-04T03:29:54Z",
    "availableBytes": 48176263168,
    "capacityBytes": 101203873792,
    "usedBytes": 15556608,
    "inodesFree": 5208160,
    "inodes": 6258720,
    "inodesUsed": 30
   },
   "process_stats": {
    "process_count": 0
   }
  },
  {
   "podRef": {
    "name": "fluentbit-gke-w6g9d",
    "namespace": "kube-system",
    "uid": "5e23c86b-a496-4a2b-8d30-8d3b80b2ab20"
   },
   "startTime": "2023-02-13T14:13:12Z",
   "containers": [
    {
     "name": "fluentbit-gke",
     "startTime": "2023-02-13T14:13:32Z",
     "cpu": {
      "time": "2023-04-04T03:29:54Z",
      "usageNanoCores": 627611,
      "usageCoreNanoSeconds": 7643532528951
     },
     "memory": {
      "time": "2023-04-04T03:29:54Z",
      "availableBytes": 242298880,
      "usageBytes": 22732800,
      "workingSetBytes": 19845120,
      "rssBytes": 17977344,
      "pageFaults": 31653600,
      "majorPageFaults": 165
     },
     "rootfs": {
      "time": "2023-04-04T03:29:52Z",
      "availableBytes": 48176263168,
      "capacityBytes": 101203873792,
      "usedBytes": 32768,
      "inodesFree": 5208160,
      "inodes": 6258720,
      "inodesUsed": 10
     },
     "logs": {
      "time": "2023-04-04T03:29:54Z",
      "availableBytes": 48176263168,
      "capacityBytes": 101203873792,
      "usedBytes": 8192,
      "inodesFree": 5208160,
      "inodes": 6258720,
      "inodesUsed": 1
     }
    },
    {
     "name": "fluentbit",
     "startTime": "2023-02-13T14:13:30Z",
     "cpu": {
      "time": "2023-04-04T03:29:41Z",
      "usageNanoCores": 3707833,
      "usageCoreNanoSeconds": 21002238064793
     },
     "memory": {
      "time": "2023-04-04T03:29:41Z",
      "availableBytes": 247828480,
      "usageBytes": 27078656,
      "workingSetBytes": 14315520,
      "rssBytes": 9056256,
      "pageFaults": 2440548,
      "majorPageFaults": 0
     },
     "rootfs": {
      "time": "2023-04-04T03:29:52Z",
      "availableBytes": 48176263168,
      "capacityBytes": 101203873792,
      "usedBytes": 61440,
      "inodesFree": 5208160,
      "inodes": 6258720,
      "inodesUsed": 17
     },
     "logs": {
      "time": "2023-04-04T03:29:54Z",
      "availableBytes": 48176263168,
      "capacityBytes": 101203873792,
      "usedBytes": 4096,
      "inodesFree": 5208160,
      "inodes": 6258720,
      "inodesUsed": 1
     }
    }
   ],
   "cpu": {
    "time": "2023-04-04T03:29:49Z",
    "usageNanoCores": 4439336,
    "usageCoreNanoSeconds": 28646702943652
   },
   "memory": {
    "time": "2023-04-04T03:29:49Z",
    "usageBytes": 50049024,
    "workingSetBytes": 34398208,
    "rssBytes": 26898432,
    "pageFaults": 0,
    "majorPageFaults": 0
   },
   "network": {
    "time": "2023-04-04T03:29:54Z",
    "name": "eth0",
    "rxBytes": 152426054858,
    "rxErrors": 0,
    "txBytes": 133348371827,
    "txErrors": 0,
    "interfaces": [
     {
      "name": "eth0",
      "rxBytes": 152426054858,
      "rxErrors": 0,
      "txBytes": 133348371827,
      "txErrors": 0
     },
     {
      "name": "gke85e3506b0d9",
      "rxBytes": 182497664,
      "rxErrors": 0,
      "txBytes": 1847825719,
      "txErrors": 0
     },
     {
      "name": "gkec4c6103a7f4",
      "rxBytes": 182766014,
      "rxErrors": 0,
      "txBytes": 2033635567,
      "txErrors": 0
     },
     {
      "name": "gke9d36fd9dc73",
      "rxBytes": 472740601,
      "rxErrors": 0,
      "txBytes": 369672536,
      "txErrors": 0
     },
     {
      "name": "gke0d56a463fd8",
      "rxBytes": 372863284,
      "rxErrors": 0,
      "txBytes": 409097682,
      "txErrors": 0
     },
     {
      "name": "gke659f489b63d",
      "rxBytes": 63892276,
      "rxErrors": 0,
      "txBytes": 1850847696,
      "txErrors": 0
     },
     {
      "name": "gkea9e5bfb87a5",
      "rxBytes": 1690087033,
      "rxErrors": 0,
      "txBytes": 10627342719,
      "txErrors": 0
     },
     {
      "name": "gkee1bfd47f91b",
      "rxBytes": 35019057425,
      "rxErrors": 0,
      "txBytes": 18815327010,
      "txErrors": 0
     },
     {
      "name": "gke8e56dee1a7a",
      "rxBytes": 8819814110,
      "rxErrors": 0,
      "txBytes": 5901406205,
      "txErrors": 0
     },
     {
      "name": "gkeb032ca89019",
      "rxBytes": 1505413310,
      "rxErrors": 0,
      "txBytes": 1403423434,
      "txErrors": 0
     },
     {
      "name": "gke5d736588655",
      "rxBytes": 575077300,
      "rxErrors": 0,
      "txBytes": 1026705886,
      "txErrors": 0
     },
     {
      "name": "gkef865027cca4",
      "rxBytes": 460546,
      "rxErrors": 0,
      "txBytes": 130202542,
      "txErrors": 0
     },
     {
      "name": "gke7f26c249582",
      "rxBytes": 461456175,
      "rxErrors": 0,
      "txBytes": 914295455,
      "txErrors": 0
     },
     {
      "name": "gkef86e8e97186",
      "rxBytes": 359538078,
      "rxErrors": 0,
      "txBytes": 336680254,
      "txErrors": 0
     },
     {
      "name": "gke0ab6a9919ed",
      "rxBytes": 2516064325,
      "rxErrors": 0,
      "txBytes": 1775180248,
      "txErrors": 0
     },
     {
      "name": "gke1e334d19c86",
      "rxBytes": 244175558,
      "rxErrors": 0,
      "txBytes": 3260396171,
      "txErrors": 0
     }
    ]
   },
   "volume": [
    {
     "time": "2023-04-04T03:28:37Z",
     "availableBytes": 48176275456,
     "capacityBytes": 101203873792,
     "usedBytes": 28672,
     "inodesFree": 5208160,
     "inodes": 6258720,
     "inodesUsed": 7,
     "name": "config-volume"
    },
    {
     "time": "2023-04-04T03:28:37Z",
     "availableBytes": 13931438080,
     "capacityBytes": 13931450368,
     "usedBytes": 12288,
     "inodesFree": 2049151,
     "inodes": 2049160,
     "inodesUsed": 9,
     "name": "kube-api-access-d4kwc"
    }
   ],
   "ephemeral-storage": {
    "time": "2023-04-04T03:29:54Z",
    "availableBytes": 48176263168,
    "capacityBytes": 101203873792,
    "usedBytes": 139264,
    "inodesFree": 5208160,
    "inodes": 6258720,
    "inodesUsed": 37
   },
   "process_stats": {
    "process_count": 0
   }
  },
  {
   "podRef": {
    "name": "app1-667557dff4-nvvdz",
    "namespace": "default",
    "uid": "f095d5ad-54b9-4487-b957-5c07d5d2d2c2"
   },
   "startTime": "2023-02-27T02:54:38Z",
   "containers": [
    {
     "name": "app1",
     "startTime": "2023-02-27T02:54:42Z",
     "cpu": {
      "time": "2023-04-04T03:29:49Z",
      "usageNanoCores": 1348317,
      "usageCoreNanoSeconds": 4601419541853
     },
     "memory": {
      "time": "2023-04-04T03:29:49Z",
      "usageBytes": 138821632,
      "workingSetBytes": 138416128,
      "rssBytes": 136654848,
      "pageFaults": 870474,
      "majorPageFaults": 0
     },
     "rootfs": {
      "time": "2023-04-04T03:29:52Z",
      "availableBytes": 48176263168,
      "capacityBytes": 101203873792,
      "usedBytes": 73728,
      "inodesFree": 5208160,
      "inodes": 6258720,
      "inodesUsed": 13
     },
     "logs": {
      "time": "2023-04-04T03:29:54Z",
      "availableBytes": 48176263168,
      "capacityBytes": 101203873792,
      "usedBytes": 4096,
      "inodesFree": 5208160,
      "inodes": 6258720,
      "inodesUsed": 1
     }
    }
   ],
   "cpu": {
    "time": "2023-04-04T03:29:44Z",
    "usageNanoCores": 1317910,
    "usageCoreNanoSeconds": 4601764554208
   },
   "memory": {
    "time": "2023-04-04T03:29:44Z",
    "usageBytes": 139014144,
    "workingSetBytes": 138608640,
    "rssBytes": 136519680,
    "pageFaults": 0,
    "majorPageFaults": 0
   },
   "network": {
    "time": "2023-04-04T03:29:46Z",
    "name": "eth0",
    "rxBytes": 1026703681,
    "rxErrors": 0,
    "txBytes": 575075986,
    "txErrors": 0,
    "interfaces": [
     {
      "name": "eth0",
      "rxBytes": 1026703681,
      "rxErrors": 0,
      "txBytes": 575075986,
      "txErrors": 0
     }
    ]
   },
   "volume": [
    {
     "time": "2023-04-04T03:28:49Z",
     "availableBytes": 13931438080,
     "capacityBytes": 13931450368,
     "usedBytes": 12288,
     "inodesFree": 2049151,
     "inodes": 2049160,
     "inodesUsed": 9,
     "name": "kube-api-access-46bv7"
    }
   ],
   "ephemeral-storage": {
    "time": "2023-04-04T03:29:54Z",
    "availableBytes": 48176263168,
    "capacityBytes": 101203873792,
    "usedBytes": 81920,
    "inodesFree": 5208160,
    "inodes": 6258720,
    "inodesUsed": 15
   },
   "process_stats": {
    "process_count": 0
   }
  },
  {
   "podRef": {
    "name": "konnectivity-agent-68c4fc8855-djq7g",
    "namespace": "kube-system",
    "uid": "c9614e43-6ec2-4e75-a88c-aeaace3a7f86"
   },
   "startTime": "2023-03-24T07:16:22Z",
   "containers": [
    {
     "name": "konnectivity-agent",
     "startTime": "2023-03-24T07:16:23Z",
     "cpu": {
      "time": "2023-04-04T03:29:52Z",
      "usageNanoCores": 137243,
      "usageCoreNanoSeconds": 1449457976584
     },
     "memory": {
      "time": "2023-04-04T03:29:52Z",
      "availableBytes": 119930880,
      "usageBytes": 11276288,
      "workingSetBytes": 11141120,
      "rssBytes": 10137600,
      "pageFaults": 1891626,
      "majorPageFaults": 0
     },
     "rootfs": {
      "time": "2023-04-04T03:29:52Z",
      "availableBytes": 48176263168,
      "capacityBytes": 101203873792,
      "usedBytes": 45056,
      "inodesFree": 5208160,
      "inodes": 6258720,
      "inodesUsed": 14
     },
     "logs": {
      "time": "2023-04-04T03:29:54Z",
      "availableBytes": 48176263168,
      "capacityBytes": 101203873792,
      "usedBytes": 6045696,
      "inodesFree": 5208160,
      "inodes": 6258720,
      "inodesUsed": 1
     }
    }
   ],
   "cpu": {
    "time": "2023-04-04T03:29:37Z",
    "usageNanoCores": 1082739,
    "usageCoreNanoSeconds": 1449992925692
   },
   "memory": {
    "time": "2023-04-04T03:29:37Z",
    "availableBytes": 119750656,
    "usageBytes": 11456512,
    "workingSetBytes": 11321344,
    "rssBytes": 10002432,
    "pageFaults": 0,
    "majorPageFaults": 0
   },
   "network": {
    "time": "2023-04-04T03:29:44Z",
    "name": "eth0",
    "rxBytes": 336679144,
    "rxErrors": 0,
    "txBytes": 359536943,
    "txErrors": 0,
    "interfaces": [
     {
      "name": "eth0",
      "rxBytes": 336679144,
      "rxErrors": 0,
      "txBytes": 359536943,
      "txErrors": 0
     }
    ]
   },
   "volume": [
    {
     "time": "2023-04-04T03:29:10Z",
     "availableBytes": 131067904,
     "capacityBytes": 131072000,
     "usedBytes": 4096,
     "inodesFree": 2049155,
     "inodes": 2049160,
     "inodesUsed": 5,
     "name": "konnectivity-agent-token"
    },
    {
     "time": "2023-04-04T03:29:10Z",
     "availableBytes": 131059712,
     "capacityBytes": 131072000,
     "usedBytes": 12288,
     "inodesFree": 2049151,
     "inodes": 2049160,
     "inodesUsed": 9,
     "name": "kube-api-access-77ghw"
    }
   ],
   "ephemeral-storage": {
    "time": "2023-04-04T03:29:54Z",
    "availableBytes": 48176263168,
    "capacityBytes": 101203873792,
    "usedBytes": 6094848,
    "inodesFree": 5208160,
    "inodes": 6258720,
    "inodesUsed": 16
   },
   "process_stats": {
    "process_count": 0
   }
  }
 ]
}